2025-05-31 00:20:00 - cert_automation - ERROR - Monitor operation failed | Module: error_handler | Context: {"operation": "analyze_frame", "execution_time": 0.018731355667114258, "error": "Invalid frame"}
Traceback (most recent call last):
  File "C:\Users\Cringe Lord\cert_me_boi\src\utils\error_handler.py", line 326, in wrapper
    result = func(*args, **kwargs)
  File "C:\Users\Cringe Lord\cert_me_boi\src\monitor\video_monitor.py", line 103, in analyze_frame
    raise MonitorError("Invalid frame")
src.utils.error_handler.MonitorError: Invalid frame
2025-05-31 00:20:00 - cert_automation - ERROR - Function execution failed | Module: timing | Context: {"function": "analyze_frame", "execution_time_ms": 72.077, "error": "Invalid frame"}
Traceback (most recent call last):
  File "C:\Users\Cringe Lord\cert_me_boi\src\utils\logger.py", line 325, in wrapper
    result = func(*args, **kwargs)
  File "C:\Users\Cringe Lord\cert_me_boi\src\utils\error_handler.py", line 326, in wrapper
    result = func(*args, **kwargs)
  File "C:\Users\Cringe Lord\cert_me_boi\src\monitor\video_monitor.py", line 103, in analyze_frame
    raise MonitorError("Invalid frame")
src.utils.error_handler.MonitorError: Invalid frame
2025-05-31 00:20:01 - cert_automation - ERROR - Monitor operation failed | Module: error_handler | Context: {"operation": "analyze_frame", "execution_time": 0.0014200210571289062, "error": "Invalid frame"}
Traceback (most recent call last):
  File "C:\Users\Cringe Lord\cert_me_boi\src\utils\error_handler.py", line 326, in wrapper
    result = func(*args, **kwargs)
  File "C:\Users\Cringe Lord\cert_me_boi\src\monitor\video_monitor.py", line 103, in analyze_frame
    raise MonitorError("Invalid frame")
src.utils.error_handler.MonitorError: Invalid frame
2025-05-31 00:20:01 - cert_automation - ERROR - Function execution failed | Module: timing | Context: {"function": "analyze_frame", "execution_time_ms": 9.109, "error": "Invalid frame"}
Traceback (most recent call last):
  File "C:\Users\Cringe Lord\cert_me_boi\src\utils\logger.py", line 325, in wrapper
    result = func(*args, **kwargs)
  File "C:\Users\Cringe Lord\cert_me_boi\src\utils\error_handler.py", line 326, in wrapper
    result = func(*args, **kwargs)
  File "C:\Users\Cringe Lord\cert_me_boi\src\monitor\video_monitor.py", line 103, in analyze_frame
    raise MonitorError("Invalid frame")
src.utils.error_handler.MonitorError: Invalid frame
2025-05-31 00:20:03 - cert_automation - ERROR - Monitor operation failed | Module: error_handler | Context: {"operation": "analyze_frame", "execution_time": 0.007941722869873047, "error": "Invalid frame"}
Traceback (most recent call last):
  File "C:\Users\Cringe Lord\cert_me_boi\src\utils\error_handler.py", line 326, in wrapper
    result = func(*args, **kwargs)
  File "C:\Users\Cringe Lord\cert_me_boi\src\monitor\video_monitor.py", line 103, in analyze_frame
    raise MonitorError("Invalid frame")
src.utils.error_handler.MonitorError: Invalid frame
2025-05-31 00:20:04 - cert_automation - ERROR - Function execution failed | Module: timing | Context: {"function": "analyze_frame", "execution_time_ms": 80.296, "error": "Invalid frame"}
Traceback (most recent call last):
  File "C:\Users\Cringe Lord\cert_me_boi\src\utils\logger.py", line 325, in wrapper
    result = func(*args, **kwargs)
  File "C:\Users\Cringe Lord\cert_me_boi\src\utils\error_handler.py", line 326, in wrapper
    result = func(*args, **kwargs)
  File "C:\Users\Cringe Lord\cert_me_boi\src\monitor\video_monitor.py", line 103, in analyze_frame
    raise MonitorError("Invalid frame")
src.utils.error_handler.MonitorError: Invalid frame
2025-05-31 00:20:04 - cert_automation - ERROR - Max retry attempts (3) reached | Module: error_handler | Context: {"function": "analyze_frame", "error": "Invalid frame"}
Traceback (most recent call last):
  File "C:\Users\Cringe Lord\cert_me_boi\src\utils\error_handler.py", line 270, in wrapper
    return func(*args, **kwargs)
  File "C:\Users\Cringe Lord\cert_me_boi\src\utils\logger.py", line 325, in wrapper
    result = func(*args, **kwargs)
  File "C:\Users\Cringe Lord\cert_me_boi\src\utils\error_handler.py", line 326, in wrapper
    result = func(*args, **kwargs)
  File "C:\Users\Cringe Lord\cert_me_boi\src\monitor\video_monitor.py", line 103, in analyze_frame
    raise MonitorError("Invalid frame")
src.utils.error_handler.MonitorError: Invalid frame
2025-05-31 00:20:04 - cert_automation - ERROR - Monitor operation failed | Module: error_handler | Context: {"operation": "save_frame", "execution_time": 0.002002716064453125, "error": "Invalid frame"}
Traceback (most recent call last):
  File "C:\Users\Cringe Lord\cert_me_boi\src\utils\error_handler.py", line 326, in wrapper
    result = func(*args, **kwargs)
  File "C:\Users\Cringe Lord\cert_me_boi\src\monitor\video_monitor.py", line 229, in save_frame
    raise MonitorError("Invalid frame")
src.utils.error_handler.MonitorError: Invalid frame
2025-05-31 00:20:04 - cert_automation - ERROR - Function execution failed | Module: timing | Context: {"function": "save_frame", "execution_time_ms": 49.431000000000004, "error": "Invalid frame"}
Traceback (most recent call last):
  File "C:\Users\Cringe Lord\cert_me_boi\src\utils\logger.py", line 325, in wrapper
    result = func(*args, **kwargs)
  File "C:\Users\Cringe Lord\cert_me_boi\src\utils\error_handler.py", line 326, in wrapper
    result = func(*args, **kwargs)
  File "C:\Users\Cringe Lord\cert_me_boi\src\monitor\video_monitor.py", line 229, in save_frame
    raise MonitorError("Invalid frame")
src.utils.error_handler.MonitorError: Invalid frame
2025-05-31 00:20:05 - cert_automation - ERROR - Monitor operation failed | Module: error_handler | Context: {"operation": "save_frame", "execution_time": 0.0011391639709472656, "error": "Invalid frame"}
Traceback (most recent call last):
  File "C:\Users\Cringe Lord\cert_me_boi\src\utils\error_handler.py", line 326, in wrapper
    result = func(*args, **kwargs)
  File "C:\Users\Cringe Lord\cert_me_boi\src\monitor\video_monitor.py", line 229, in save_frame
    raise MonitorError("Invalid frame")
src.utils.error_handler.MonitorError: Invalid frame
2025-05-31 00:20:06 - cert_automation - ERROR - Function execution failed | Module: timing | Context: {"function": "save_frame", "execution_time_ms": 14.168999999999999, "error": "Invalid frame"}
Traceback (most recent call last):
  File "C:\Users\Cringe Lord\cert_me_boi\src\utils\logger.py", line 325, in wrapper
    result = func(*args, **kwargs)
  File "C:\Users\Cringe Lord\cert_me_boi\src\utils\error_handler.py", line 326, in wrapper
    result = func(*args, **kwargs)
  File "C:\Users\Cringe Lord\cert_me_boi\src\monitor\video_monitor.py", line 229, in save_frame
    raise MonitorError("Invalid frame")
src.utils.error_handler.MonitorError: Invalid frame
2025-05-31 00:20:08 - cert_automation - ERROR - Monitor operation failed | Module: error_handler | Context: {"operation": "save_frame", "execution_time": 0.008221149444580078, "error": "Invalid frame"}
Traceback (most recent call last):
  File "C:\Users\Cringe Lord\cert_me_boi\src\utils\error_handler.py", line 326, in wrapper
    result = func(*args, **kwargs)
  File "C:\Users\Cringe Lord\cert_me_boi\src\monitor\video_monitor.py", line 229, in save_frame
    raise MonitorError("Invalid frame")
src.utils.error_handler.MonitorError: Invalid frame
2025-05-31 00:20:08 - cert_automation - ERROR - Function execution failed | Module: timing | Context: {"function": "save_frame", "execution_time_ms": 24.132, "error": "Invalid frame"}
Traceback (most recent call last):
  File "C:\Users\Cringe Lord\cert_me_boi\src\utils\logger.py", line 325, in wrapper
    result = func(*args, **kwargs)
  File "C:\Users\Cringe Lord\cert_me_boi\src\utils\error_handler.py", line 326, in wrapper
    result = func(*args, **kwargs)
  File "C:\Users\Cringe Lord\cert_me_boi\src\monitor\video_monitor.py", line 229, in save_frame
    raise MonitorError("Invalid frame")
src.utils.error_handler.MonitorError: Invalid frame
2025-05-31 00:20:08 - cert_automation - ERROR - Max retry attempts (3) reached | Module: error_handler | Context: {"function": "save_frame", "error": "Invalid frame"}
Traceback (most recent call last):
  File "C:\Users\Cringe Lord\cert_me_boi\src\utils\error_handler.py", line 270, in wrapper
    return func(*args, **kwargs)
  File "C:\Users\Cringe Lord\cert_me_boi\src\utils\logger.py", line 325, in wrapper
    result = func(*args, **kwargs)
  File "C:\Users\Cringe Lord\cert_me_boi\src\utils\error_handler.py", line 326, in wrapper
    result = func(*args, **kwargs)
  File "C:\Users\Cringe Lord\cert_me_boi\src\monitor\video_monitor.py", line 229, in save_frame
    raise MonitorError("Invalid frame")
src.utils.error_handler.MonitorError: Invalid frame
2025-05-31 00:20:08 - cert_automation - ERROR - Monitor operation failed | Module: error_handler | Context: {"operation": "match_template", "execution_time": 0.005724906921386719, "error": "Template nonexistent not found"}
Traceback (most recent call last):
  File "C:\Users\Cringe Lord\cert_me_boi\src\utils\error_handler.py", line 326, in wrapper
    result = func(*args, **kwargs)
  File "C:\Users\Cringe Lord\cert_me_boi\src\monitor\video_monitor.py", line 271, in match_template
    raise MonitorError(f"Template {template_name} not found")
src.utils.error_handler.MonitorError: Template nonexistent not found
2025-05-31 00:20:08 - cert_automation - ERROR - Function execution failed | Module: timing | Context: {"function": "match_template", "execution_time_ms": 22.901, "error": "Template nonexistent not found"}
Traceback (most recent call last):
  File "C:\Users\Cringe Lord\cert_me_boi\src\utils\logger.py", line 325, in wrapper
    result = func(*args, **kwargs)
  File "C:\Users\Cringe Lord\cert_me_boi\src\utils\error_handler.py", line 326, in wrapper
    result = func(*args, **kwargs)
  File "C:\Users\Cringe Lord\cert_me_boi\src\monitor\video_monitor.py", line 271, in match_template
    raise MonitorError(f"Template {template_name} not found")
src.utils.error_handler.MonitorError: Template nonexistent not found
2025-05-31 00:20:09 - cert_automation - ERROR - Monitor operation failed | Module: error_handler | Context: {"operation": "match_template", "execution_time": 0.016047239303588867, "error": "Template nonexistent not found"}
Traceback (most recent call last):
  File "C:\Users\Cringe Lord\cert_me_boi\src\utils\error_handler.py", line 326, in wrapper
    result = func(*args, **kwargs)
  File "C:\Users\Cringe Lord\cert_me_boi\src\monitor\video_monitor.py", line 271, in match_template
    raise MonitorError(f"Template {template_name} not found")
src.utils.error_handler.MonitorError: Template nonexistent not found
2025-05-31 00:20:09 - cert_automation - ERROR - Function execution failed | Module: timing | Context: {"function": "match_template", "execution_time_ms": 33.518, "error": "Template nonexistent not found"}
Traceback (most recent call last):
  File "C:\Users\Cringe Lord\cert_me_boi\src\utils\logger.py", line 325, in wrapper
    result = func(*args, **kwargs)
  File "C:\Users\Cringe Lord\cert_me_boi\src\utils\error_handler.py", line 326, in wrapper
    result = func(*args, **kwargs)
  File "C:\Users\Cringe Lord\cert_me_boi\src\monitor\video_monitor.py", line 271, in match_template
    raise MonitorError(f"Template {template_name} not found")
src.utils.error_handler.MonitorError: Template nonexistent not found
2025-05-31 00:20:11 - cert_automation - ERROR - Monitor operation failed | Module: error_handler | Context: {"operation": "match_template", "execution_time": 0.031320810317993164, "error": "Template nonexistent not found"}
Traceback (most recent call last):
  File "C:\Users\Cringe Lord\cert_me_boi\src\utils\error_handler.py", line 326, in wrapper
    result = func(*args, **kwargs)
  File "C:\Users\Cringe Lord\cert_me_boi\src\monitor\video_monitor.py", line 271, in match_template
    raise MonitorError(f"Template {template_name} not found")
src.utils.error_handler.MonitorError: Template nonexistent not found
2025-05-31 00:20:11 - cert_automation - ERROR - Function execution failed | Module: timing | Context: {"function": "match_template", "execution_time_ms": 82.77, "error": "Template nonexistent not found"}
Traceback (most recent call last):
  File "C:\Users\Cringe Lord\cert_me_boi\src\utils\logger.py", line 325, in wrapper
    result = func(*args, **kwargs)
  File "C:\Users\Cringe Lord\cert_me_boi\src\utils\error_handler.py", line 326, in wrapper
    result = func(*args, **kwargs)
  File "C:\Users\Cringe Lord\cert_me_boi\src\monitor\video_monitor.py", line 271, in match_template
    raise MonitorError(f"Template {template_name} not found")
src.utils.error_handler.MonitorError: Template nonexistent not found
2025-05-31 00:20:11 - cert_automation - ERROR - Max retry attempts (3) reached | Module: error_handler | Context: {"function": "match_template", "error": "Template nonexistent not found"}
Traceback (most recent call last):
  File "C:\Users\Cringe Lord\cert_me_boi\src\utils\error_handler.py", line 270, in wrapper
    return func(*args, **kwargs)
  File "C:\Users\Cringe Lord\cert_me_boi\src\utils\logger.py", line 325, in wrapper
    result = func(*args, **kwargs)
  File "C:\Users\Cringe Lord\cert_me_boi\src\utils\error_handler.py", line 326, in wrapper
    result = func(*args, **kwargs)
  File "C:\Users\Cringe Lord\cert_me_boi\src\monitor\video_monitor.py", line 271, in match_template
    raise MonitorError(f"Template {template_name} not found")
src.utils.error_handler.MonitorError: Template nonexistent not found
2025-05-31 00:20:53 - cert_automation - ERROR - Monitor operation failed | Module: error_handler | Context: {"operation": "analyze_frame", "execution_time": 0.0009098052978515625, "error": "Invalid frame"}
Traceback (most recent call last):
  File "C:\Users\Cringe Lord\cert_me_boi\src\utils\error_handler.py", line 326, in wrapper
    result = func(*args, **kwargs)
  File "C:\Users\Cringe Lord\cert_me_boi\src\monitor\video_monitor.py", line 103, in analyze_frame
    raise MonitorError("Invalid frame")
src.utils.error_handler.MonitorError: Invalid frame
2025-05-31 00:20:53 - cert_automation - ERROR - Function execution failed | Module: timing | Context: {"function": "analyze_frame", "execution_time_ms": 15.362, "error": "Invalid frame"}
Traceback (most recent call last):
  File "C:\Users\Cringe Lord\cert_me_boi\src\utils\logger.py", line 325, in wrapper
    result = func(*args, **kwargs)
  File "C:\Users\Cringe Lord\cert_me_boi\src\utils\error_handler.py", line 326, in wrapper
    result = func(*args, **kwargs)
  File "C:\Users\Cringe Lord\cert_me_boi\src\monitor\video_monitor.py", line 103, in analyze_frame
    raise MonitorError("Invalid frame")
src.utils.error_handler.MonitorError: Invalid frame
2025-05-31 00:20:54 - cert_automation - ERROR - Monitor operation failed | Module: error_handler | Context: {"operation": "analyze_frame", "execution_time": 0.0013649463653564453, "error": "Invalid frame"}
Traceback (most recent call last):
  File "C:\Users\Cringe Lord\cert_me_boi\src\utils\error_handler.py", line 326, in wrapper
    result = func(*args, **kwargs)
  File "C:\Users\Cringe Lord\cert_me_boi\src\monitor\video_monitor.py", line 103, in analyze_frame
    raise MonitorError("Invalid frame")
src.utils.error_handler.MonitorError: Invalid frame
2025-05-31 00:20:54 - cert_automation - ERROR - Function execution failed | Module: timing | Context: {"function": "analyze_frame", "execution_time_ms": 8.403, "error": "Invalid frame"}
Traceback (most recent call last):
  File "C:\Users\Cringe Lord\cert_me_boi\src\utils\logger.py", line 325, in wrapper
    result = func(*args, **kwargs)
  File "C:\Users\Cringe Lord\cert_me_boi\src\utils\error_handler.py", line 326, in wrapper
    result = func(*args, **kwargs)
  File "C:\Users\Cringe Lord\cert_me_boi\src\monitor\video_monitor.py", line 103, in analyze_frame
    raise MonitorError("Invalid frame")
src.utils.error_handler.MonitorError: Invalid frame
2025-05-31 00:20:56 - cert_automation - ERROR - Monitor operation failed | Module: error_handler | Context: {"operation": "analyze_frame", "execution_time": 0.001451253890991211, "error": "Invalid frame"}
Traceback (most recent call last):
  File "C:\Users\Cringe Lord\cert_me_boi\src\utils\error_handler.py", line 326, in wrapper
    result = func(*args, **kwargs)
  File "C:\Users\Cringe Lord\cert_me_boi\src\monitor\video_monitor.py", line 103, in analyze_frame
    raise MonitorError("Invalid frame")
src.utils.error_handler.MonitorError: Invalid frame
2025-05-31 00:20:56 - cert_automation - ERROR - Function execution failed | Module: timing | Context: {"function": "analyze_frame", "execution_time_ms": 9.821, "error": "Invalid frame"}
Traceback (most recent call last):
  File "C:\Users\Cringe Lord\cert_me_boi\src\utils\logger.py", line 325, in wrapper
    result = func(*args, **kwargs)
  File "C:\Users\Cringe Lord\cert_me_boi\src\utils\error_handler.py", line 326, in wrapper
    result = func(*args, **kwargs)
  File "C:\Users\Cringe Lord\cert_me_boi\src\monitor\video_monitor.py", line 103, in analyze_frame
    raise MonitorError("Invalid frame")
src.utils.error_handler.MonitorError: Invalid frame
2025-05-31 00:20:56 - cert_automation - ERROR - Max retry attempts (3) reached | Module: error_handler | Context: {"function": "analyze_frame", "error": "Invalid frame"}
Traceback (most recent call last):
  File "C:\Users\Cringe Lord\cert_me_boi\src\utils\error_handler.py", line 270, in wrapper
    return func(*args, **kwargs)
  File "C:\Users\Cringe Lord\cert_me_boi\src\utils\logger.py", line 325, in wrapper
    result = func(*args, **kwargs)
  File "C:\Users\Cringe Lord\cert_me_boi\src\utils\error_handler.py", line 326, in wrapper
    result = func(*args, **kwargs)
  File "C:\Users\Cringe Lord\cert_me_boi\src\monitor\video_monitor.py", line 103, in analyze_frame
    raise MonitorError("Invalid frame")
src.utils.error_handler.MonitorError: Invalid frame
2025-05-31 00:20:57 - cert_automation - ERROR - Monitor operation failed | Module: error_handler | Context: {"operation": "save_frame", "execution_time": 0.0013654232025146484, "error": "Invalid frame"}
Traceback (most recent call last):
  File "C:\Users\Cringe Lord\cert_me_boi\src\utils\error_handler.py", line 326, in wrapper
    result = func(*args, **kwargs)
  File "C:\Users\Cringe Lord\cert_me_boi\src\monitor\video_monitor.py", line 229, in save_frame
    raise MonitorError("Invalid frame")
src.utils.error_handler.MonitorError: Invalid frame
2025-05-31 00:20:57 - cert_automation - ERROR - Function execution failed | Module: timing | Context: {"function": "save_frame", "execution_time_ms": 23.834999999999997, "error": "Invalid frame"}
Traceback (most recent call last):
  File "C:\Users\Cringe Lord\cert_me_boi\src\utils\logger.py", line 325, in wrapper
    result = func(*args, **kwargs)
  File "C:\Users\Cringe Lord\cert_me_boi\src\utils\error_handler.py", line 326, in wrapper
    result = func(*args, **kwargs)
  File "C:\Users\Cringe Lord\cert_me_boi\src\monitor\video_monitor.py", line 229, in save_frame
    raise MonitorError("Invalid frame")
src.utils.error_handler.MonitorError: Invalid frame
2025-05-31 00:20:58 - cert_automation - ERROR - Monitor operation failed | Module: error_handler | Context: {"operation": "save_frame", "execution_time": 0.001760721206665039, "error": "Invalid frame"}
Traceback (most recent call last):
  File "C:\Users\Cringe Lord\cert_me_boi\src\utils\error_handler.py", line 326, in wrapper
    result = func(*args, **kwargs)
  File "C:\Users\Cringe Lord\cert_me_boi\src\monitor\video_monitor.py", line 229, in save_frame
    raise MonitorError("Invalid frame")
src.utils.error_handler.MonitorError: Invalid frame
2025-05-31 00:20:58 - cert_automation - ERROR - Function execution failed | Module: timing | Context: {"function": "save_frame", "execution_time_ms": 9.311, "error": "Invalid frame"}
Traceback (most recent call last):
  File "C:\Users\Cringe Lord\cert_me_boi\src\utils\logger.py", line 325, in wrapper
    result = func(*args, **kwargs)
  File "C:\Users\Cringe Lord\cert_me_boi\src\utils\error_handler.py", line 326, in wrapper
    result = func(*args, **kwargs)
  File "C:\Users\Cringe Lord\cert_me_boi\src\monitor\video_monitor.py", line 229, in save_frame
    raise MonitorError("Invalid frame")
src.utils.error_handler.MonitorError: Invalid frame
2025-05-31 00:21:00 - cert_automation - ERROR - Monitor operation failed | Module: error_handler | Context: {"operation": "save_frame", "execution_time": 0.0018177032470703125, "error": "Invalid frame"}
Traceback (most recent call last):
  File "C:\Users\Cringe Lord\cert_me_boi\src\utils\error_handler.py", line 326, in wrapper
    result = func(*args, **kwargs)
  File "C:\Users\Cringe Lord\cert_me_boi\src\monitor\video_monitor.py", line 229, in save_frame
    raise MonitorError("Invalid frame")
src.utils.error_handler.MonitorError: Invalid frame
2025-05-31 00:21:00 - cert_automation - ERROR - Function execution failed | Module: timing | Context: {"function": "save_frame", "execution_time_ms": 12.157, "error": "Invalid frame"}
Traceback (most recent call last):
  File "C:\Users\Cringe Lord\cert_me_boi\src\utils\logger.py", line 325, in wrapper
    result = func(*args, **kwargs)
  File "C:\Users\Cringe Lord\cert_me_boi\src\utils\error_handler.py", line 326, in wrapper
    result = func(*args, **kwargs)
  File "C:\Users\Cringe Lord\cert_me_boi\src\monitor\video_monitor.py", line 229, in save_frame
    raise MonitorError("Invalid frame")
src.utils.error_handler.MonitorError: Invalid frame
2025-05-31 00:21:00 - cert_automation - ERROR - Max retry attempts (3) reached | Module: error_handler | Context: {"function": "save_frame", "error": "Invalid frame"}
Traceback (most recent call last):
  File "C:\Users\Cringe Lord\cert_me_boi\src\utils\error_handler.py", line 270, in wrapper
    return func(*args, **kwargs)
  File "C:\Users\Cringe Lord\cert_me_boi\src\utils\logger.py", line 325, in wrapper
    result = func(*args, **kwargs)
  File "C:\Users\Cringe Lord\cert_me_boi\src\utils\error_handler.py", line 326, in wrapper
    result = func(*args, **kwargs)
  File "C:\Users\Cringe Lord\cert_me_boi\src\monitor\video_monitor.py", line 229, in save_frame
    raise MonitorError("Invalid frame")
src.utils.error_handler.MonitorError: Invalid frame
2025-05-31 00:21:01 - cert_automation - ERROR - Monitor operation failed | Module: error_handler | Context: {"operation": "match_template", "execution_time": 0.0016779899597167969, "error": "Template nonexistent not found"}
Traceback (most recent call last):
  File "C:\Users\Cringe Lord\cert_me_boi\src\utils\error_handler.py", line 326, in wrapper
    result = func(*args, **kwargs)
  File "C:\Users\Cringe Lord\cert_me_boi\src\monitor\video_monitor.py", line 271, in match_template
    raise MonitorError(f"Template {template_name} not found")
src.utils.error_handler.MonitorError: Template nonexistent not found
2025-05-31 00:21:01 - cert_automation - ERROR - Function execution failed | Module: timing | Context: {"function": "match_template", "execution_time_ms": 9.181, "error": "Template nonexistent not found"}
Traceback (most recent call last):
  File "C:\Users\Cringe Lord\cert_me_boi\src\utils\logger.py", line 325, in wrapper
    result = func(*args, **kwargs)
  File "C:\Users\Cringe Lord\cert_me_boi\src\utils\error_handler.py", line 326, in wrapper
    result = func(*args, **kwargs)
  File "C:\Users\Cringe Lord\cert_me_boi\src\monitor\video_monitor.py", line 271, in match_template
    raise MonitorError(f"Template {template_name} not found")
src.utils.error_handler.MonitorError: Template nonexistent not found
2025-05-31 00:21:02 - cert_automation - ERROR - Monitor operation failed | Module: error_handler | Context: {"operation": "match_template", "execution_time": 0.0022552013397216797, "error": "Template nonexistent not found"}
Traceback (most recent call last):
  File "C:\Users\Cringe Lord\cert_me_boi\src\utils\error_handler.py", line 326, in wrapper
    result = func(*args, **kwargs)
  File "C:\Users\Cringe Lord\cert_me_boi\src\monitor\video_monitor.py", line 271, in match_template
    raise MonitorError(f"Template {template_name} not found")
src.utils.error_handler.MonitorError: Template nonexistent not found
2025-05-31 00:21:02 - cert_automation - ERROR - Function execution failed | Module: timing | Context: {"function": "match_template", "execution_time_ms": 6.849, "error": "Template nonexistent not found"}
Traceback (most recent call last):
  File "C:\Users\Cringe Lord\cert_me_boi\src\utils\logger.py", line 325, in wrapper
    result = func(*args, **kwargs)
  File "C:\Users\Cringe Lord\cert_me_boi\src\utils\error_handler.py", line 326, in wrapper
    result = func(*args, **kwargs)
  File "C:\Users\Cringe Lord\cert_me_boi\src\monitor\video_monitor.py", line 271, in match_template
    raise MonitorError(f"Template {template_name} not found")
src.utils.error_handler.MonitorError: Template nonexistent not found
2025-05-31 00:21:04 - cert_automation - ERROR - Monitor operation failed | Module: error_handler | Context: {"operation": "match_template", "execution_time": 0.0026895999908447266, "error": "Template nonexistent not found"}
Traceback (most recent call last):
  File "C:\Users\Cringe Lord\cert_me_boi\src\utils\error_handler.py", line 326, in wrapper
    result = func(*args, **kwargs)
  File "C:\Users\Cringe Lord\cert_me_boi\src\monitor\video_monitor.py", line 271, in match_template
    raise MonitorError(f"Template {template_name} not found")
src.utils.error_handler.MonitorError: Template nonexistent not found
2025-05-31 00:21:04 - cert_automation - ERROR - Function execution failed | Module: timing | Context: {"function": "match_template", "execution_time_ms": 7.849, "error": "Template nonexistent not found"}
Traceback (most recent call last):
  File "C:\Users\Cringe Lord\cert_me_boi\src\utils\logger.py", line 325, in wrapper
    result = func(*args, **kwargs)
  File "C:\Users\Cringe Lord\cert_me_boi\src\utils\error_handler.py", line 326, in wrapper
    result = func(*args, **kwargs)
  File "C:\Users\Cringe Lord\cert_me_boi\src\monitor\video_monitor.py", line 271, in match_template
    raise MonitorError(f"Template {template_name} not found")
src.utils.error_handler.MonitorError: Template nonexistent not found
2025-05-31 00:21:04 - cert_automation - ERROR - Max retry attempts (3) reached | Module: error_handler | Context: {"function": "match_template", "error": "Template nonexistent not found"}
Traceback (most recent call last):
  File "C:\Users\Cringe Lord\cert_me_boi\src\utils\error_handler.py", line 270, in wrapper
    return func(*args, **kwargs)
  File "C:\Users\Cringe Lord\cert_me_boi\src\utils\logger.py", line 325, in wrapper
    result = func(*args, **kwargs)
  File "C:\Users\Cringe Lord\cert_me_boi\src\utils\error_handler.py", line 326, in wrapper
    result = func(*args, **kwargs)
  File "C:\Users\Cringe Lord\cert_me_boi\src\monitor\video_monitor.py", line 271, in match_template
    raise MonitorError(f"Template {template_name} not found")
src.utils.error_handler.MonitorError: Template nonexistent not found
