2025-05-31 00:19:57 - cert_automation - INFO - Started log rotation manager
2025-05-31 00:20:00 - cert_automation - INFO - Video monitor initialized | Module: video_monitor | Context: {"config": {"frame_analysis": {"buffer_size": 10, "motion_threshold": 1000, "progress_threshold": 0.9, "blur_threshold": 100}, "progress_bar": {"color_ranges": {"white": {"lower": [0, 0, 200], "upper": [180, 30, 255]}, "gray": {"lower": [0, 0, 100], "upper": [180, 30, 200]}}, "roi": {"top_percent": 0.8, "height_percent": 0.1}, "min_width_percent": 0.3, "min_height_pixels": 5}, "template_matching": {"threshold": 0.8, "scale_range": [0.8, 1.2], "scale_steps": 5}, "screenshots": {"max_per_session": 100, "jpeg_quality": 95, "png_compression": 9}, "logging": {"frame_metrics": true}}}
2025-05-31 00:20:00 - cert_automation - INFO - Video monitor initialized | Module: video_monitor | Context: {"config": {"frame_analysis": {"buffer_size": 10, "motion_threshold": 1000, "progress_threshold": 0.9, "blur_threshold": 100}, "progress_bar": {"color_ranges": {"white": {"lower": [0, 0, 200], "upper": [180, 30, 255]}, "gray": {"lower": [0, 0, 100], "upper": [180, 30, 200]}}, "roi": {"top_percent": 0.8, "height_percent": 0.1}, "min_width_percent": 0.3, "min_height_pixels": 5}, "template_matching": {"threshold": 0.8, "scale_range": [0.8, 1.2], "scale_steps": 5}, "screenshots": {"max_per_session": 100, "jpeg_quality": 95, "png_compression": 9}, "logging": {"frame_metrics": true}}}
2025-05-31 00:20:00 - cert_automation - DEBUG - Starting monitor operation | Module: error_handler | Context: {"operation": "analyze_frame", "args": "(<src.monitor.video_monitor.VideoMonitor object at 0x000002B38C61BED0>, array([[[  0,   0,   0],\n        [  2,   2,   2],\n        [  5,   5,   5],\n        ...,\n        [247, 247, 247],\n        [249, 249, 249],\n        [252, 252, 252]],\n\n       [[  0,   0,   0],\n        [  2,   2,   2],\n        [  5,   5,   5],\n        ...,\n        [247, 247, 247],\n        [249, 249, 249],\n        [252, 252, 252]],\n\n       [[  0,   0,   0],\n        [  2,   2,   2],\n        [  5,   5,   5],\n        ...,\n        [247, 247, 247],\n        [249, 249, 249],\n        [252, 252, 252]],\n\n       ...,\n\n       [[  0,   0,   0],\n        [  2,   2,   2],\n        [  5,   5,   5],\n        ...,\n        [247, 247, 247],\n        [249, 249, 249],\n        [252, 252, 252]],\n\n       [[  0,   0,   0],\n        [  2,   2,   2],\n        [  5,   5,   5],\n        ...,\n        [247, 247, 247],\n        [249, 249, 249],\n        [252, 252, 252]],\n\n       [[  0,   0,   0],\n        [  2,   2,   2],\n        [  5,   5,   5],\n        ...,\n        [247, 247, 247],\n        [249, 249, 249],\n        [252, 252, 252]]], shape=(100, 100, 3), dtype=uint8))", "kwargs": "{}"}
2025-05-31 00:20:00 - cert_automation - INFO - Monitor event: frame_analysis | Module: monitor | Context: {"event_type": "frame_analysis", "metrics": {"motion_detected": false, "brightness": 125.75, "contrast": 73.59475185093024, "blur_score": 1.4099}}
2025-05-31 00:20:00 - cert_automation - DEBUG - Monitor operation completed | Module: error_handler | Context: {"operation": "analyze_frame", "execution_time": 0.03670954704284668, "success": true}
2025-05-31 00:20:00 - cert_automation - INFO - Function execution completed | Module: timing | Context: {"function": "analyze_frame", "execution_time_ms": 37.846}
2025-05-31 00:20:00 - cert_automation - INFO - Video monitor initialized | Module: video_monitor | Context: {"config": {"frame_analysis": {"buffer_size": 10, "motion_threshold": 1000, "progress_threshold": 0.9, "blur_threshold": 100}, "progress_bar": {"color_ranges": {"white": {"lower": [0, 0, 200], "upper": [180, 30, 255]}, "gray": {"lower": [0, 0, 100], "upper": [180, 30, 200]}}, "roi": {"top_percent": 0.8, "height_percent": 0.1}, "min_width_percent": 0.3, "min_height_pixels": 5}, "template_matching": {"threshold": 0.8, "scale_range": [0.8, 1.2], "scale_steps": 5}, "screenshots": {"max_per_session": 100, "jpeg_quality": 95, "png_compression": 9}, "logging": {"frame_metrics": true}}}
2025-05-31 00:20:00 - cert_automation - DEBUG - Starting monitor operation | Module: error_handler | Context: {"operation": "analyze_frame", "args": "(<src.monitor.video_monitor.VideoMonitor object at 0x000002B38C764550>, None)", "kwargs": "{}"}
2025-05-31 00:20:00 - cert_automation - ERROR - Monitor operation failed | Module: error_handler | Context: {"operation": "analyze_frame", "execution_time": 0.018731355667114258, "error": "Invalid frame"}
Traceback (most recent call last):
  File "C:\Users\Cringe Lord\cert_me_boi\src\utils\error_handler.py", line 326, in wrapper
    result = func(*args, **kwargs)
  File "C:\Users\Cringe Lord\cert_me_boi\src\monitor\video_monitor.py", line 103, in analyze_frame
    raise MonitorError("Invalid frame")
src.utils.error_handler.MonitorError: Invalid frame
2025-05-31 00:20:00 - cert_automation - ERROR - Function execution failed | Module: timing | Context: {"function": "analyze_frame", "execution_time_ms": 72.077, "error": "Invalid frame"}
Traceback (most recent call last):
  File "C:\Users\Cringe Lord\cert_me_boi\src\utils\logger.py", line 325, in wrapper
    result = func(*args, **kwargs)
  File "C:\Users\Cringe Lord\cert_me_boi\src\utils\error_handler.py", line 326, in wrapper
    result = func(*args, **kwargs)
  File "C:\Users\Cringe Lord\cert_me_boi\src\monitor\video_monitor.py", line 103, in analyze_frame
    raise MonitorError("Invalid frame")
src.utils.error_handler.MonitorError: Invalid frame
2025-05-31 00:20:00 - cert_automation - WARNING - Retry attempt 1/3 | Module: error_handler | Context: {"function": "analyze_frame", "error": "Invalid frame"}
2025-05-31 00:20:01 - cert_automation - DEBUG - Starting monitor operation | Module: error_handler | Context: {"operation": "analyze_frame", "args": "(<src.monitor.video_monitor.VideoMonitor object at 0x000002B38C764550>, None)", "kwargs": "{}"}
2025-05-31 00:20:01 - cert_automation - ERROR - Monitor operation failed | Module: error_handler | Context: {"operation": "analyze_frame", "execution_time": 0.0014200210571289062, "error": "Invalid frame"}
Traceback (most recent call last):
  File "C:\Users\Cringe Lord\cert_me_boi\src\utils\error_handler.py", line 326, in wrapper
    result = func(*args, **kwargs)
  File "C:\Users\Cringe Lord\cert_me_boi\src\monitor\video_monitor.py", line 103, in analyze_frame
    raise MonitorError("Invalid frame")
src.utils.error_handler.MonitorError: Invalid frame
2025-05-31 00:20:01 - cert_automation - ERROR - Function execution failed | Module: timing | Context: {"function": "analyze_frame", "execution_time_ms": 9.109, "error": "Invalid frame"}
Traceback (most recent call last):
  File "C:\Users\Cringe Lord\cert_me_boi\src\utils\logger.py", line 325, in wrapper
    result = func(*args, **kwargs)
  File "C:\Users\Cringe Lord\cert_me_boi\src\utils\error_handler.py", line 326, in wrapper
    result = func(*args, **kwargs)
  File "C:\Users\Cringe Lord\cert_me_boi\src\monitor\video_monitor.py", line 103, in analyze_frame
    raise MonitorError("Invalid frame")
src.utils.error_handler.MonitorError: Invalid frame
2025-05-31 00:20:01 - cert_automation - WARNING - Retry attempt 2/3 | Module: error_handler | Context: {"function": "analyze_frame", "error": "Invalid frame"}
2025-05-31 00:20:03 - cert_automation - DEBUG - Starting monitor operation | Module: error_handler | Context: {"operation": "analyze_frame", "args": "(<src.monitor.video_monitor.VideoMonitor object at 0x000002B38C764550>, None)", "kwargs": "{}"}
2025-05-31 00:20:03 - cert_automation - ERROR - Monitor operation failed | Module: error_handler | Context: {"operation": "analyze_frame", "execution_time": 0.007941722869873047, "error": "Invalid frame"}
Traceback (most recent call last):
  File "C:\Users\Cringe Lord\cert_me_boi\src\utils\error_handler.py", line 326, in wrapper
    result = func(*args, **kwargs)
  File "C:\Users\Cringe Lord\cert_me_boi\src\monitor\video_monitor.py", line 103, in analyze_frame
    raise MonitorError("Invalid frame")
src.utils.error_handler.MonitorError: Invalid frame
2025-05-31 00:20:04 - cert_automation - ERROR - Function execution failed | Module: timing | Context: {"function": "analyze_frame", "execution_time_ms": 80.296, "error": "Invalid frame"}
Traceback (most recent call last):
  File "C:\Users\Cringe Lord\cert_me_boi\src\utils\logger.py", line 325, in wrapper
    result = func(*args, **kwargs)
  File "C:\Users\Cringe Lord\cert_me_boi\src\utils\error_handler.py", line 326, in wrapper
    result = func(*args, **kwargs)
  File "C:\Users\Cringe Lord\cert_me_boi\src\monitor\video_monitor.py", line 103, in analyze_frame
    raise MonitorError("Invalid frame")
src.utils.error_handler.MonitorError: Invalid frame
2025-05-31 00:20:04 - cert_automation - ERROR - Max retry attempts (3) reached | Module: error_handler | Context: {"function": "analyze_frame", "error": "Invalid frame"}
Traceback (most recent call last):
  File "C:\Users\Cringe Lord\cert_me_boi\src\utils\error_handler.py", line 270, in wrapper
    return func(*args, **kwargs)
  File "C:\Users\Cringe Lord\cert_me_boi\src\utils\logger.py", line 325, in wrapper
    result = func(*args, **kwargs)
  File "C:\Users\Cringe Lord\cert_me_boi\src\utils\error_handler.py", line 326, in wrapper
    result = func(*args, **kwargs)
  File "C:\Users\Cringe Lord\cert_me_boi\src\monitor\video_monitor.py", line 103, in analyze_frame
    raise MonitorError("Invalid frame")
src.utils.error_handler.MonitorError: Invalid frame
2025-05-31 00:20:04 - cert_automation - INFO - Video monitor initialized | Module: video_monitor | Context: {"config": {"frame_analysis": {"buffer_size": 10, "motion_threshold": 1000, "progress_threshold": 0.9, "blur_threshold": 100}, "progress_bar": {"color_ranges": {"white": {"lower": [0, 0, 200], "upper": [180, 30, 255]}, "gray": {"lower": [0, 0, 100], "upper": [180, 30, 200]}}, "roi": {"top_percent": 0.8, "height_percent": 0.1}, "min_width_percent": 0.3, "min_height_pixels": 5}, "template_matching": {"threshold": 0.8, "scale_range": [0.8, 1.2], "scale_steps": 5}, "screenshots": {"max_per_session": 100, "jpeg_quality": 95, "png_compression": 9}, "logging": {"frame_metrics": true}}}
2025-05-31 00:20:04 - cert_automation - INFO - Video monitor initialized | Module: video_monitor | Context: {"config": {"frame_analysis": {"buffer_size": 10, "motion_threshold": 1000, "progress_threshold": 0.9, "blur_threshold": 100}, "progress_bar": {"color_ranges": {"white": {"lower": [0, 0, 200], "upper": [180, 30, 255]}, "gray": {"lower": [0, 0, 100], "upper": [180, 30, 200]}}, "roi": {"top_percent": 0.8, "height_percent": 0.1}, "min_width_percent": 0.3, "min_height_pixels": 5}, "template_matching": {"threshold": 0.8, "scale_range": [0.8, 1.2], "scale_steps": 5}, "screenshots": {"max_per_session": 100, "jpeg_quality": 95, "png_compression": 9}, "logging": {"frame_metrics": true}}}
2025-05-31 00:20:04 - cert_automation - INFO - Video monitor initialized | Module: video_monitor | Context: {"config": {"frame_analysis": {"buffer_size": 10, "motion_threshold": 1000, "progress_threshold": 0.9, "blur_threshold": 100}, "progress_bar": {"color_ranges": {"white": {"lower": [0, 0, 200], "upper": [180, 30, 255]}, "gray": {"lower": [0, 0, 100], "upper": [180, 30, 200]}}, "roi": {"top_percent": 0.8, "height_percent": 0.1}, "min_width_percent": 0.3, "min_height_pixels": 5}, "template_matching": {"threshold": 0.8, "scale_range": [0.8, 1.2], "scale_steps": 5}, "screenshots": {"max_per_session": 100, "jpeg_quality": 95, "png_compression": 9}, "logging": {"frame_metrics": true}}}
2025-05-31 00:20:04 - cert_automation - DEBUG - Starting monitor operation | Module: error_handler | Context: {"operation": "detect_progress_bar", "args": "(<src.monitor.video_monitor.VideoMonitor object at 0x000002B38C6E4830>, array([[[0, 0, 0],\n        [0, 0, 0],\n        [0, 0, 0],\n        ...,\n        [0, 0, 0],\n        [0, 0, 0],\n        [0, 0, 0]],\n\n       [[0, 0, 0],\n        [0, 0, 0],\n        [0, 0, 0],\n        ...,\n        [0, 0, 0],\n        [0, 0, 0],\n        [0, 0, 0]],\n\n       [[0, 0, 0],\n        [0, 0, 0],\n        [0, 0, 0],\n        ...,\n        [0, 0, 0],\n        [0, 0, 0],\n        [0, 0, 0]],\n\n       ...,\n\n       [[0, 0, 0],\n        [0, 0, 0],\n        [0, 0, 0],\n        ...,\n        [0, 0, 0],\n        [0, 0, 0],\n        [0, 0, 0]],\n\n       [[0, 0, 0],\n        [0, 0, 0],\n        [0, 0, 0],\n        ...,\n        [0, 0, 0],\n        [0, 0, 0],\n        [0, 0, 0]],\n\n       [[0, 0, 0],\n        [0, 0, 0],\n        [0, 0, 0],\n        ...,\n        [0, 0, 0],\n        [0, 0, 0],\n        [0, 0, 0]]], shape=(200, 400, 3), dtype=uint8))", "kwargs": "{}"}
2025-05-31 00:20:04 - cert_automation - INFO - Monitor event: progress_detection | Module: monitor | Context: {"event_type": "progress_detection", "progress": 1.0, "bar_width": 300, "bar_height": 20}
2025-05-31 00:20:04 - cert_automation - DEBUG - Monitor operation completed | Module: error_handler | Context: {"operation": "detect_progress_bar", "execution_time": 0.02916264533996582, "success": true}
2025-05-31 00:20:04 - cert_automation - INFO - Function execution completed | Module: timing | Context: {"function": "detect_progress_bar", "execution_time_ms": 30.328999999999997}
2025-05-31 00:20:04 - cert_automation - INFO - Video monitor initialized | Module: video_monitor | Context: {"config": {"frame_analysis": {"buffer_size": 10, "motion_threshold": 1000, "progress_threshold": 0.9, "blur_threshold": 100}, "progress_bar": {"color_ranges": {"white": {"lower": [0, 0, 200], "upper": [180, 30, 255]}, "gray": {"lower": [0, 0, 100], "upper": [180, 30, 200]}}, "roi": {"top_percent": 0.8, "height_percent": 0.1}, "min_width_percent": 0.3, "min_height_pixels": 5}, "template_matching": {"threshold": 0.8, "scale_range": [0.8, 1.2], "scale_steps": 5}, "screenshots": {"max_per_session": 100, "jpeg_quality": 95, "png_compression": 9}, "logging": {"frame_metrics": true}}}
2025-05-31 00:20:04 - cert_automation - DEBUG - Starting monitor operation | Module: error_handler | Context: {"operation": "detect_progress_bar", "args": "(<src.monitor.video_monitor.VideoMonitor object at 0x000002B38C73C7C0>, array([[[  0,   0,   0],\n        [  2,   2,   2],\n        [  5,   5,   5],\n        ...,\n        [247, 247, 247],\n        [249, 249, 249],\n        [252, 252, 252]],\n\n       [[  0,   0,   0],\n        [  2,   2,   2],\n        [  5,   5,   5],\n        ...,\n        [247, 247, 247],\n        [249, 249, 249],\n        [252, 252, 252]],\n\n       [[  0,   0,   0],\n        [  2,   2,   2],\n        [  5,   5,   5],\n        ...,\n        [247, 247, 247],\n        [249, 249, 249],\n        [252, 252, 252]],\n\n       ...,\n\n       [[  0,   0,   0],\n        [  2,   2,   2],\n        [  5,   5,   5],\n        ...,\n        [247, 247, 247],\n        [249, 249, 249],\n        [252, 252, 252]],\n\n       [[  0,   0,   0],\n        [  2,   2,   2],\n        [  5,   5,   5],\n        ...,\n        [247, 247, 247],\n        [249, 249, 249],\n        [252, 252, 252]],\n\n       [[  0,   0,   0],\n        [  2,   2,   2],\n        [  5,   5,   5],\n        ...,\n        [247, 247, 247],\n        [249, 249, 249],\n        [252, 252, 252]]], shape=(100, 100, 3), dtype=uint8))", "kwargs": "{}"}
2025-05-31 00:20:04 - cert_automation - INFO - Monitor event: progress_detection | Module: monitor | Context: {"event_type": "progress_detection", "progress": 1.0, "bar_width": 60, "bar_height": 10}
2025-05-31 00:20:04 - cert_automation - DEBUG - Monitor operation completed | Module: error_handler | Context: {"operation": "detect_progress_bar", "execution_time": 0.009509563446044922, "success": true}
2025-05-31 00:20:04 - cert_automation - INFO - Function execution completed | Module: timing | Context: {"function": "detect_progress_bar", "execution_time_ms": 10.68}
2025-05-31 00:20:04 - cert_automation - INFO - Video monitor initialized | Module: video_monitor | Context: {"config": {"frame_analysis": {"buffer_size": 10, "motion_threshold": 1000, "progress_threshold": 0.9, "blur_threshold": 100}, "progress_bar": {"color_ranges": {"white": {"lower": [0, 0, 200], "upper": [180, 30, 255]}, "gray": {"lower": [0, 0, 100], "upper": [180, 30, 200]}}, "roi": {"top_percent": 0.8, "height_percent": 0.1}, "min_width_percent": 0.3, "min_height_pixels": 5}, "template_matching": {"threshold": 0.8, "scale_range": [0.8, 1.2], "scale_steps": 5}, "screenshots": {"max_per_session": 100, "jpeg_quality": 95, "png_compression": 9}, "logging": {"frame_metrics": true}}}
2025-05-31 00:20:04 - cert_automation - DEBUG - Starting monitor operation | Module: error_handler | Context: {"operation": "analyze_frame", "args": "(<src.monitor.video_monitor.VideoMonitor object at 0x000002B38C73D150>, array([[[  0,   0,   0],\n        [  2,   2,   2],\n        [  5,   5,   5],\n        ...,\n        [247, 247, 247],\n        [249, 249, 249],\n        [252, 252, 252]],\n\n       [[  0,   0,   0],\n        [  2,   2,   2],\n        [  5,   5,   5],\n        ...,\n        [247, 247, 247],\n        [249, 249, 249],\n        [252, 252, 252]],\n\n       [[  0,   0,   0],\n        [  2,   2,   2],\n        [  5,   5,   5],\n        ...,\n        [247, 247, 247],\n        [249, 249, 249],\n        [252, 252, 252]],\n\n       ...,\n\n       [[  0,   0,   0],\n        [  2,   2,   2],\n        [  5,   5,   5],\n        ...,\n        [247, 247, 247],\n        [249, 249, 249],\n        [252, 252, 252]],\n\n       [[  0,   0,   0],\n        [  2,   2,   2],\n        [  5,   5,   5],\n        ...,\n        [247, 247, 247],\n        [249, 249, 249],\n        [252, 252, 252]],\n\n       [[  0,   0,   0],\n        [  2,   2,   2],\n        [  5,   5,   5],\n        ...,\n        [247, 247, 247],\n        [249, 249, 249],\n        [252, 252, 252]]], shape=(100, 100, 3), dtype=uint8))", "kwargs": "{}"}
2025-05-31 00:20:04 - cert_automation - INFO - Monitor event: frame_analysis | Module: monitor | Context: {"event_type": "frame_analysis", "metrics": {"motion_detected": false, "brightness": 125.75, "contrast": 73.59475185093024, "blur_score": 1.4099}}
2025-05-31 00:20:04 - cert_automation - DEBUG - Monitor operation completed | Module: error_handler | Context: {"operation": "analyze_frame", "execution_time": 0.00967717170715332, "success": true}
2025-05-31 00:20:04 - cert_automation - INFO - Function execution completed | Module: timing | Context: {"function": "analyze_frame", "execution_time_ms": 10.317}
2025-05-31 00:20:04 - cert_automation - DEBUG - Starting monitor operation | Module: error_handler | Context: {"operation": "verify_video_playing", "args": "(<src.monitor.video_monitor.VideoMonitor object at 0x000002B38C73D150>, array([[[255, 255, 255],\n        [255, 255, 255],\n        [255, 255, 255],\n        ...,\n        [255, 255, 255],\n        [255, 255, 255],\n        [255, 255, 255]],\n\n       [[255, 255, 255],\n        [255, 255, 255],\n        [255, 255, 255],\n        ...,\n        [255, 255, 255],\n        [255, 255, 255],\n        [255, 255, 255]],\n\n       [[255, 255, 255],\n        [255, 255, 255],\n        [255, 255, 255],\n        ...,\n        [255, 255, 255],\n        [255, 255, 255],\n        [255, 255, 255]],\n\n       ...,\n\n       [[255, 255, 255],\n        [255, 255, 255],\n        [255, 255, 255],\n        ...,\n        [255, 255, 255],\n        [255, 255, 255],\n        [255, 255, 255]],\n\n       [[255, 255, 255],\n        [255, 255, 255],\n        [255, 255, 255],\n        ...,\n        [255, 255, 255],\n        [255, 255, 255],\n        [255, 255, 255]],\n\n       [[255, 255, 255],\n        [255, 255, 255],\n        [255, 255, 255],\n        ...,\n        [255, 255, 255],\n        [255, 255, 255],\n        [255, 255, 255]]], shape=(100, 100, 3), dtype=uint8))", "kwargs": "{}"}
2025-05-31 00:20:04 - cert_automation - INFO - Monitor event: playback_status | Module: monitor | Context: {"event_type": "playback_status", "is_playing": false, "motion_detected": false, "blur_score": 0.0}
2025-05-31 00:20:04 - cert_automation - DEBUG - Monitor operation completed | Module: error_handler | Context: {"operation": "verify_video_playing", "execution_time": 0.009183883666992188, "success": true}
2025-05-31 00:20:04 - cert_automation - INFO - Function execution completed | Module: timing | Context: {"function": "verify_video_playing", "execution_time_ms": 10.274999999999999}
2025-05-31 00:20:04 - cert_automation - INFO - Video monitor initialized | Module: video_monitor | Context: {"config": {"frame_analysis": {"buffer_size": 10, "motion_threshold": 1000, "progress_threshold": 0.9, "blur_threshold": 100}, "progress_bar": {"color_ranges": {"white": {"lower": [0, 0, 200], "upper": [180, 30, 255]}, "gray": {"lower": [0, 0, 100], "upper": [180, 30, 200]}}, "roi": {"top_percent": 0.8, "height_percent": 0.1}, "min_width_percent": 0.3, "min_height_pixels": 5}, "template_matching": {"threshold": 0.8, "scale_range": [0.8, 1.2], "scale_steps": 5}, "screenshots": {"max_per_session": 100, "jpeg_quality": 95, "png_compression": 9}, "logging": {"frame_metrics": true}}}
2025-05-31 00:20:04 - cert_automation - DEBUG - Starting monitor operation | Module: error_handler | Context: {"operation": "save_frame", "args": "(<src.monitor.video_monitor.VideoMonitor object at 0x000002B38C57DB50>, array([[[  0,   0,   0],\n        [  2,   2,   2],\n        [  5,   5,   5],\n        ...,\n        [247, 247, 247],\n        [249, 249, 249],\n        [252, 252, 252]],\n\n       [[  0,   0,   0],\n        [  2,   2,   2],\n        [  5,   5,   5],\n        ...,\n        [247, 247, 247],\n        [249, 249, 249],\n        [252, 252, 252]],\n\n       [[  0,   0,   0],\n        [  2,   2,   2],\n        [  5,   5,   5],\n        ...,\n        [247, 247, 247],\n        [249, 249, 249],\n        [252, 252, 252]],\n\n       ...,\n\n       [[  0,   0,   0],\n        [  2,   2,   2],\n        [  5,   5,   5],\n        ...,\n        [247, 247, 247],\n        [249, 249, 249],\n        [252, 252, 252]],\n\n       [[  0,   0,   0],\n        [  2,   2,   2],\n        [  5,   5,   5],\n        ...,\n        [247, 247, 247],\n        [249, 249, 249],\n        [252, 252, 252]],\n\n       [[  0,   0,   0],\n        [  2,   2,   2],\n        [  5,   5,   5],\n        ...,\n        [247, 247, 247],\n        [249, 249, 249],\n        [252, 252, 252]]], shape=(100, 100, 3), dtype=uint8), 'test_frame')", "kwargs": "{}"}
2025-05-31 00:20:04 - cert_automation - INFO - Monitor event: screenshot_saved | Module: monitor | Context: {"event_type": "screenshot_saved", "path": "C:\\Users\\Cringe Lord\\AppData\\Local\\Temp\\pytest-of-Cringe Lord\\pytest-32\\test_save_frame0\\screenshots\\test_frame.png", "name": "test_frame", "count": 1}
2025-05-31 00:20:04 - cert_automation - DEBUG - Monitor operation completed | Module: error_handler | Context: {"operation": "save_frame", "execution_time": 0.03501391410827637, "success": true}
2025-05-31 00:20:04 - cert_automation - INFO - Function execution completed | Module: timing | Context: {"function": "save_frame", "execution_time_ms": 36.36000000000001}
2025-05-31 00:20:04 - cert_automation - INFO - Video monitor initialized | Module: video_monitor | Context: {"config": {"frame_analysis": {"buffer_size": 10, "motion_threshold": 1000, "progress_threshold": 0.9, "blur_threshold": 100}, "progress_bar": {"color_ranges": {"white": {"lower": [0, 0, 200], "upper": [180, 30, 255]}, "gray": {"lower": [0, 0, 100], "upper": [180, 30, 200]}}, "roi": {"top_percent": 0.8, "height_percent": 0.1}, "min_width_percent": 0.3, "min_height_pixels": 5}, "template_matching": {"threshold": 0.8, "scale_range": [0.8, 1.2], "scale_steps": 5}, "screenshots": {"max_per_session": 100, "jpeg_quality": 95, "png_compression": 9}, "logging": {"frame_metrics": true}}}
2025-05-31 00:20:04 - cert_automation - DEBUG - Starting monitor operation | Module: error_handler | Context: {"operation": "save_frame", "args": "(<src.monitor.video_monitor.VideoMonitor object at 0x000002B38C57D850>, array([[[  0,   0,   0],\n        [  2,   2,   2],\n        [  5,   5,   5],\n        ...,\n        [247, 247, 247],\n        [249, 249, 249],\n        [252, 252, 252]],\n\n       [[  0,   0,   0],\n        [  2,   2,   2],\n        [  5,   5,   5],\n        ...,\n        [247, 247, 247],\n        [249, 249, 249],\n        [252, 252, 252]],\n\n       [[  0,   0,   0],\n        [  2,   2,   2],\n        [  5,   5,   5],\n        ...,\n        [247, 247, 247],\n        [249, 249, 249],\n        [252, 252, 252]],\n\n       ...,\n\n       [[  0,   0,   0],\n        [  2,   2,   2],\n        [  5,   5,   5],\n        ...,\n        [247, 247, 247],\n        [249, 249, 249],\n        [252, 252, 252]],\n\n       [[  0,   0,   0],\n        [  2,   2,   2],\n        [  5,   5,   5],\n        ...,\n        [247, 247, 247],\n        [249, 249, 249],\n        [252, 252, 252]],\n\n       [[  0,   0,   0],\n        [  2,   2,   2],\n        [  5,   5,   5],\n        ...,\n        [247, 247, 247],\n        [249, 249, 249],\n        [252, 252, 252]]], shape=(100, 100, 3), dtype=uint8), 'test_frame')", "kwargs": "{}"}
2025-05-31 00:20:04 - cert_automation - WARNING - Maximum screenshots reached | Module: video_monitor | Context: {"max_screenshots": 100}
2025-05-31 00:20:04 - cert_automation - DEBUG - Monitor operation completed | Module: error_handler | Context: {"operation": "save_frame", "execution_time": 0.009338855743408203, "success": true}
2025-05-31 00:20:04 - cert_automation - INFO - Function execution completed | Module: timing | Context: {"function": "save_frame", "execution_time_ms": 10.345}
2025-05-31 00:20:04 - cert_automation - INFO - Video monitor initialized | Module: video_monitor | Context: {"config": {"frame_analysis": {"buffer_size": 10, "motion_threshold": 1000, "progress_threshold": 0.9, "blur_threshold": 100}, "progress_bar": {"color_ranges": {"white": {"lower": [0, 0, 200], "upper": [180, 30, 255]}, "gray": {"lower": [0, 0, 100], "upper": [180, 30, 200]}}, "roi": {"top_percent": 0.8, "height_percent": 0.1}, "min_width_percent": 0.3, "min_height_pixels": 5}, "template_matching": {"threshold": 0.8, "scale_range": [0.8, 1.2], "scale_steps": 5}, "screenshots": {"max_per_session": 100, "jpeg_quality": 95, "png_compression": 9}, "logging": {"frame_metrics": true}}}
2025-05-31 00:20:04 - cert_automation - DEBUG - Starting monitor operation | Module: error_handler | Context: {"operation": "save_frame", "args": "(<src.monitor.video_monitor.VideoMonitor object at 0x000002B38C649400>, None, 'test_frame')", "kwargs": "{}"}
2025-05-31 00:20:04 - cert_automation - ERROR - Monitor operation failed | Module: error_handler | Context: {"operation": "save_frame", "execution_time": 0.002002716064453125, "error": "Invalid frame"}
Traceback (most recent call last):
  File "C:\Users\Cringe Lord\cert_me_boi\src\utils\error_handler.py", line 326, in wrapper
    result = func(*args, **kwargs)
  File "C:\Users\Cringe Lord\cert_me_boi\src\monitor\video_monitor.py", line 229, in save_frame
    raise MonitorError("Invalid frame")
src.utils.error_handler.MonitorError: Invalid frame
2025-05-31 00:20:04 - cert_automation - ERROR - Function execution failed | Module: timing | Context: {"function": "save_frame", "execution_time_ms": 49.431000000000004, "error": "Invalid frame"}
Traceback (most recent call last):
  File "C:\Users\Cringe Lord\cert_me_boi\src\utils\logger.py", line 325, in wrapper
    result = func(*args, **kwargs)
  File "C:\Users\Cringe Lord\cert_me_boi\src\utils\error_handler.py", line 326, in wrapper
    result = func(*args, **kwargs)
  File "C:\Users\Cringe Lord\cert_me_boi\src\monitor\video_monitor.py", line 229, in save_frame
    raise MonitorError("Invalid frame")
src.utils.error_handler.MonitorError: Invalid frame
2025-05-31 00:20:04 - cert_automation - WARNING - Retry attempt 1/3 | Module: error_handler | Context: {"function": "save_frame", "error": "Invalid frame"}
2025-05-31 00:20:05 - cert_automation - DEBUG - Starting monitor operation | Module: error_handler | Context: {"operation": "save_frame", "args": "(<src.monitor.video_monitor.VideoMonitor object at 0x000002B38C649400>, None, 'test_frame')", "kwargs": "{}"}
2025-05-31 00:20:05 - cert_automation - ERROR - Monitor operation failed | Module: error_handler | Context: {"operation": "save_frame", "execution_time": 0.0011391639709472656, "error": "Invalid frame"}
Traceback (most recent call last):
  File "C:\Users\Cringe Lord\cert_me_boi\src\utils\error_handler.py", line 326, in wrapper
    result = func(*args, **kwargs)
  File "C:\Users\Cringe Lord\cert_me_boi\src\monitor\video_monitor.py", line 229, in save_frame
    raise MonitorError("Invalid frame")
src.utils.error_handler.MonitorError: Invalid frame
2025-05-31 00:20:06 - cert_automation - ERROR - Function execution failed | Module: timing | Context: {"function": "save_frame", "execution_time_ms": 14.168999999999999, "error": "Invalid frame"}
Traceback (most recent call last):
  File "C:\Users\Cringe Lord\cert_me_boi\src\utils\logger.py", line 325, in wrapper
    result = func(*args, **kwargs)
  File "C:\Users\Cringe Lord\cert_me_boi\src\utils\error_handler.py", line 326, in wrapper
    result = func(*args, **kwargs)
  File "C:\Users\Cringe Lord\cert_me_boi\src\monitor\video_monitor.py", line 229, in save_frame
    raise MonitorError("Invalid frame")
src.utils.error_handler.MonitorError: Invalid frame
2025-05-31 00:20:06 - cert_automation - WARNING - Retry attempt 2/3 | Module: error_handler | Context: {"function": "save_frame", "error": "Invalid frame"}
2025-05-31 00:20:08 - cert_automation - DEBUG - Starting monitor operation | Module: error_handler | Context: {"operation": "save_frame", "args": "(<src.monitor.video_monitor.VideoMonitor object at 0x000002B38C649400>, None, 'test_frame')", "kwargs": "{}"}
2025-05-31 00:20:08 - cert_automation - ERROR - Monitor operation failed | Module: error_handler | Context: {"operation": "save_frame", "execution_time": 0.008221149444580078, "error": "Invalid frame"}
Traceback (most recent call last):
  File "C:\Users\Cringe Lord\cert_me_boi\src\utils\error_handler.py", line 326, in wrapper
    result = func(*args, **kwargs)
  File "C:\Users\Cringe Lord\cert_me_boi\src\monitor\video_monitor.py", line 229, in save_frame
    raise MonitorError("Invalid frame")
src.utils.error_handler.MonitorError: Invalid frame
2025-05-31 00:20:08 - cert_automation - ERROR - Function execution failed | Module: timing | Context: {"function": "save_frame", "execution_time_ms": 24.132, "error": "Invalid frame"}
Traceback (most recent call last):
  File "C:\Users\Cringe Lord\cert_me_boi\src\utils\logger.py", line 325, in wrapper
    result = func(*args, **kwargs)
  File "C:\Users\Cringe Lord\cert_me_boi\src\utils\error_handler.py", line 326, in wrapper
    result = func(*args, **kwargs)
  File "C:\Users\Cringe Lord\cert_me_boi\src\monitor\video_monitor.py", line 229, in save_frame
    raise MonitorError("Invalid frame")
src.utils.error_handler.MonitorError: Invalid frame
2025-05-31 00:20:08 - cert_automation - ERROR - Max retry attempts (3) reached | Module: error_handler | Context: {"function": "save_frame", "error": "Invalid frame"}
Traceback (most recent call last):
  File "C:\Users\Cringe Lord\cert_me_boi\src\utils\error_handler.py", line 270, in wrapper
    return func(*args, **kwargs)
  File "C:\Users\Cringe Lord\cert_me_boi\src\utils\logger.py", line 325, in wrapper
    result = func(*args, **kwargs)
  File "C:\Users\Cringe Lord\cert_me_boi\src\utils\error_handler.py", line 326, in wrapper
    result = func(*args, **kwargs)
  File "C:\Users\Cringe Lord\cert_me_boi\src\monitor\video_monitor.py", line 229, in save_frame
    raise MonitorError("Invalid frame")
src.utils.error_handler.MonitorError: Invalid frame
2025-05-31 00:20:08 - cert_automation - INFO - Video monitor initialized | Module: video_monitor | Context: {"config": {"frame_analysis": {"buffer_size": 10, "motion_threshold": 1000, "progress_threshold": 0.9, "blur_threshold": 100}, "progress_bar": {"color_ranges": {"white": {"lower": [0, 0, 200], "upper": [180, 30, 255]}, "gray": {"lower": [0, 0, 100], "upper": [180, 30, 200]}}, "roi": {"top_percent": 0.8, "height_percent": 0.1}, "min_width_percent": 0.3, "min_height_pixels": 5}, "template_matching": {"threshold": 0.8, "scale_range": [0.8, 1.2], "scale_steps": 5}, "screenshots": {"max_per_session": 100, "jpeg_quality": 95, "png_compression": 9}, "logging": {"frame_metrics": true}}}
2025-05-31 00:20:08 - cert_automation - DEBUG - Starting monitor operation | Module: error_handler | Context: {"operation": "match_template", "args": "(<src.monitor.video_monitor.VideoMonitor object at 0x000002B38C649A90>, array([[[  0,   0,   0],\n        [  2,   2,   2],\n        [  5,   5,   5],\n        ...,\n        [247, 247, 247],\n        [249, 249, 249],\n        [252, 252, 252]],\n\n       [[  0,   0,   0],\n        [  2,   2,   2],\n        [  5,   5,   5],\n        ...,\n        [247, 247, 247],\n        [249, 249, 249],\n        [252, 252, 252]],\n\n       [[  0,   0,   0],\n        [  2,   2,   2],\n        [  5,   5,   5],\n        ...,\n        [247, 247, 247],\n        [249, 249, 249],\n        [252, 252, 252]],\n\n       ...,\n\n       [[  0,   0,   0],\n        [  2,   2,   2],\n        [  5,   5,   5],\n        ...,\n        [247, 247, 247],\n        [249, 249, 249],\n        [252, 252, 252]],\n\n       [[  0,   0,   0],\n        [  2,   2,   2],\n        [  5,   5,   5],\n        ...,\n        [247, 247, 247],\n        [249, 249, 249],\n        [252, 252, 252]],\n\n       [[  0,   0,   0],\n        [  2,   2,   2],\n        [  5,   5,   5],\n        ...,\n        [247, 247, 247],\n        [249, 249, 249],\n        [252, 252, 252]]], shape=(100, 100, 3), dtype=uint8), 'test_template')", "kwargs": "{}"}
2025-05-31 00:20:08 - cert_automation - INFO - Monitor event: template_matched | Module: monitor | Context: {"event_type": "template_matched", "template": "test_template", "confidence": 1.0, "location": [10, 0]}
2025-05-31 00:20:08 - cert_automation - DEBUG - Monitor operation completed | Module: error_handler | Context: {"operation": "match_template", "execution_time": 0.09665179252624512, "success": true}
2025-05-31 00:20:08 - cert_automation - INFO - Function execution completed | Module: timing | Context: {"function": "match_template", "execution_time_ms": 97.603}
2025-05-31 00:20:08 - cert_automation - INFO - Video monitor initialized | Module: video_monitor | Context: {"config": {"frame_analysis": {"buffer_size": 10, "motion_threshold": 1000, "progress_threshold": 0.9, "blur_threshold": 100}, "progress_bar": {"color_ranges": {"white": {"lower": [0, 0, 200], "upper": [180, 30, 255]}, "gray": {"lower": [0, 0, 100], "upper": [180, 30, 200]}}, "roi": {"top_percent": 0.8, "height_percent": 0.1}, "min_width_percent": 0.3, "min_height_pixels": 5}, "template_matching": {"threshold": 0.8, "scale_range": [0.8, 1.2], "scale_steps": 5}, "screenshots": {"max_per_session": 100, "jpeg_quality": 95, "png_compression": 9}, "logging": {"frame_metrics": true}}}
2025-05-31 00:20:08 - cert_automation - DEBUG - Starting monitor operation | Module: error_handler | Context: {"operation": "match_template", "args": "(<src.monitor.video_monitor.VideoMonitor object at 0x000002B38C5B0E50>, array([[[  0,   0,   0],\n        [  2,   2,   2],\n        [  5,   5,   5],\n        ...,\n        [247, 247, 247],\n        [249, 249, 249],\n        [252, 252, 252]],\n\n       [[  0,   0,   0],\n        [  2,   2,   2],\n        [  5,   5,   5],\n        ...,\n        [247, 247, 247],\n        [249, 249, 249],\n        [252, 252, 252]],\n\n       [[  0,   0,   0],\n        [  2,   2,   2],\n        [  5,   5,   5],\n        ...,\n        [247, 247, 247],\n        [249, 249, 249],\n        [252, 252, 252]],\n\n       ...,\n\n       [[  0,   0,   0],\n        [  2,   2,   2],\n        [  5,   5,   5],\n        ...,\n        [247, 247, 247],\n        [249, 249, 249],\n        [252, 252, 252]],\n\n       [[  0,   0,   0],\n        [  2,   2,   2],\n        [  5,   5,   5],\n        ...,\n        [247, 247, 247],\n        [249, 249, 249],\n        [252, 252, 252]],\n\n       [[  0,   0,   0],\n        [  2,   2,   2],\n        [  5,   5,   5],\n        ...,\n        [247, 247, 247],\n        [249, 249, 249],\n        [252, 252, 252]]], shape=(100, 100, 3), dtype=uint8), 'nonexistent')", "kwargs": "{}"}
2025-05-31 00:20:08 - cert_automation - ERROR - Monitor operation failed | Module: error_handler | Context: {"operation": "match_template", "execution_time": 0.005724906921386719, "error": "Template nonexistent not found"}
Traceback (most recent call last):
  File "C:\Users\Cringe Lord\cert_me_boi\src\utils\error_handler.py", line 326, in wrapper
    result = func(*args, **kwargs)
  File "C:\Users\Cringe Lord\cert_me_boi\src\monitor\video_monitor.py", line 271, in match_template
    raise MonitorError(f"Template {template_name} not found")
src.utils.error_handler.MonitorError: Template nonexistent not found
2025-05-31 00:20:08 - cert_automation - ERROR - Function execution failed | Module: timing | Context: {"function": "match_template", "execution_time_ms": 22.901, "error": "Template nonexistent not found"}
Traceback (most recent call last):
  File "C:\Users\Cringe Lord\cert_me_boi\src\utils\logger.py", line 325, in wrapper
    result = func(*args, **kwargs)
  File "C:\Users\Cringe Lord\cert_me_boi\src\utils\error_handler.py", line 326, in wrapper
    result = func(*args, **kwargs)
  File "C:\Users\Cringe Lord\cert_me_boi\src\monitor\video_monitor.py", line 271, in match_template
    raise MonitorError(f"Template {template_name} not found")
src.utils.error_handler.MonitorError: Template nonexistent not found
2025-05-31 00:20:08 - cert_automation - WARNING - Retry attempt 1/3 | Module: error_handler | Context: {"function": "match_template", "error": "Template nonexistent not found"}
2025-05-31 00:20:09 - cert_automation - DEBUG - Starting monitor operation | Module: error_handler | Context: {"operation": "match_template", "args": "(<src.monitor.video_monitor.VideoMonitor object at 0x000002B38C5B0E50>, array([[[  0,   0,   0],\n        [  2,   2,   2],\n        [  5,   5,   5],\n        ...,\n        [247, 247, 247],\n        [249, 249, 249],\n        [252, 252, 252]],\n\n       [[  0,   0,   0],\n        [  2,   2,   2],\n        [  5,   5,   5],\n        ...,\n        [247, 247, 247],\n        [249, 249, 249],\n        [252, 252, 252]],\n\n       [[  0,   0,   0],\n        [  2,   2,   2],\n        [  5,   5,   5],\n        ...,\n        [247, 247, 247],\n        [249, 249, 249],\n        [252, 252, 252]],\n\n       ...,\n\n       [[  0,   0,   0],\n        [  2,   2,   2],\n        [  5,   5,   5],\n        ...,\n        [247, 247, 247],\n        [249, 249, 249],\n        [252, 252, 252]],\n\n       [[  0,   0,   0],\n        [  2,   2,   2],\n        [  5,   5,   5],\n        ...,\n        [247, 247, 247],\n        [249, 249, 249],\n        [252, 252, 252]],\n\n       [[  0,   0,   0],\n        [  2,   2,   2],\n        [  5,   5,   5],\n        ...,\n        [247, 247, 247],\n        [249, 249, 249],\n        [252, 252, 252]]], shape=(100, 100, 3), dtype=uint8), 'nonexistent')", "kwargs": "{}"}
2025-05-31 00:20:09 - cert_automation - ERROR - Monitor operation failed | Module: error_handler | Context: {"operation": "match_template", "execution_time": 0.016047239303588867, "error": "Template nonexistent not found"}
Traceback (most recent call last):
  File "C:\Users\Cringe Lord\cert_me_boi\src\utils\error_handler.py", line 326, in wrapper
    result = func(*args, **kwargs)
  File "C:\Users\Cringe Lord\cert_me_boi\src\monitor\video_monitor.py", line 271, in match_template
    raise MonitorError(f"Template {template_name} not found")
src.utils.error_handler.MonitorError: Template nonexistent not found
2025-05-31 00:20:09 - cert_automation - ERROR - Function execution failed | Module: timing | Context: {"function": "match_template", "execution_time_ms": 33.518, "error": "Template nonexistent not found"}
Traceback (most recent call last):
  File "C:\Users\Cringe Lord\cert_me_boi\src\utils\logger.py", line 325, in wrapper
    result = func(*args, **kwargs)
  File "C:\Users\Cringe Lord\cert_me_boi\src\utils\error_handler.py", line 326, in wrapper
    result = func(*args, **kwargs)
  File "C:\Users\Cringe Lord\cert_me_boi\src\monitor\video_monitor.py", line 271, in match_template
    raise MonitorError(f"Template {template_name} not found")
src.utils.error_handler.MonitorError: Template nonexistent not found
2025-05-31 00:20:09 - cert_automation - WARNING - Retry attempt 2/3 | Module: error_handler | Context: {"function": "match_template", "error": "Template nonexistent not found"}
2025-05-31 00:20:11 - cert_automation - DEBUG - Starting monitor operation | Module: error_handler | Context: {"operation": "match_template", "args": "(<src.monitor.video_monitor.VideoMonitor object at 0x000002B38C5B0E50>, array([[[  0,   0,   0],\n        [  2,   2,   2],\n        [  5,   5,   5],\n        ...,\n        [247, 247, 247],\n        [249, 249, 249],\n        [252, 252, 252]],\n\n       [[  0,   0,   0],\n        [  2,   2,   2],\n        [  5,   5,   5],\n        ...,\n        [247, 247, 247],\n        [249, 249, 249],\n        [252, 252, 252]],\n\n       [[  0,   0,   0],\n        [  2,   2,   2],\n        [  5,   5,   5],\n        ...,\n        [247, 247, 247],\n        [249, 249, 249],\n        [252, 252, 252]],\n\n       ...,\n\n       [[  0,   0,   0],\n        [  2,   2,   2],\n        [  5,   5,   5],\n        ...,\n        [247, 247, 247],\n        [249, 249, 249],\n        [252, 252, 252]],\n\n       [[  0,   0,   0],\n        [  2,   2,   2],\n        [  5,   5,   5],\n        ...,\n        [247, 247, 247],\n        [249, 249, 249],\n        [252, 252, 252]],\n\n       [[  0,   0,   0],\n        [  2,   2,   2],\n        [  5,   5,   5],\n        ...,\n        [247, 247, 247],\n        [249, 249, 249],\n        [252, 252, 252]]], shape=(100, 100, 3), dtype=uint8), 'nonexistent')", "kwargs": "{}"}
2025-05-31 00:20:11 - cert_automation - ERROR - Monitor operation failed | Module: error_handler | Context: {"operation": "match_template", "execution_time": 0.031320810317993164, "error": "Template nonexistent not found"}
Traceback (most recent call last):
  File "C:\Users\Cringe Lord\cert_me_boi\src\utils\error_handler.py", line 326, in wrapper
    result = func(*args, **kwargs)
  File "C:\Users\Cringe Lord\cert_me_boi\src\monitor\video_monitor.py", line 271, in match_template
    raise MonitorError(f"Template {template_name} not found")
src.utils.error_handler.MonitorError: Template nonexistent not found
2025-05-31 00:20:11 - cert_automation - ERROR - Function execution failed | Module: timing | Context: {"function": "match_template", "execution_time_ms": 82.77, "error": "Template nonexistent not found"}
Traceback (most recent call last):
  File "C:\Users\Cringe Lord\cert_me_boi\src\utils\logger.py", line 325, in wrapper
    result = func(*args, **kwargs)
  File "C:\Users\Cringe Lord\cert_me_boi\src\utils\error_handler.py", line 326, in wrapper
    result = func(*args, **kwargs)
  File "C:\Users\Cringe Lord\cert_me_boi\src\monitor\video_monitor.py", line 271, in match_template
    raise MonitorError(f"Template {template_name} not found")
src.utils.error_handler.MonitorError: Template nonexistent not found
2025-05-31 00:20:11 - cert_automation - ERROR - Max retry attempts (3) reached | Module: error_handler | Context: {"function": "match_template", "error": "Template nonexistent not found"}
Traceback (most recent call last):
  File "C:\Users\Cringe Lord\cert_me_boi\src\utils\error_handler.py", line 270, in wrapper
    return func(*args, **kwargs)
  File "C:\Users\Cringe Lord\cert_me_boi\src\utils\logger.py", line 325, in wrapper
    result = func(*args, **kwargs)
  File "C:\Users\Cringe Lord\cert_me_boi\src\utils\error_handler.py", line 326, in wrapper
    result = func(*args, **kwargs)
  File "C:\Users\Cringe Lord\cert_me_boi\src\monitor\video_monitor.py", line 271, in match_template
    raise MonitorError(f"Template {template_name} not found")
src.utils.error_handler.MonitorError: Template nonexistent not found
2025-05-31 00:20:11 - cert_automation - INFO - Video monitor initialized | Module: video_monitor | Context: {"config": {"frame_analysis": {"buffer_size": 10, "motion_threshold": 1000, "progress_threshold": 0.9, "blur_threshold": 100}, "progress_bar": {"color_ranges": {"white": {"lower": [0, 0, 200], "upper": [180, 30, 255]}, "gray": {"lower": [0, 0, 100], "upper": [180, 30, 200]}}, "roi": {"top_percent": 0.8, "height_percent": 0.1}, "min_width_percent": 0.3, "min_height_pixels": 5}, "template_matching": {"threshold": 0.8, "scale_range": [0.8, 1.2], "scale_steps": 5}, "screenshots": {"max_per_session": 100, "jpeg_quality": 95, "png_compression": 9}, "logging": {"frame_metrics": true}}}
2025-05-31 00:20:11 - cert_automation - DEBUG - Starting monitor operation | Module: error_handler | Context: {"operation": "match_template", "args": "(<src.monitor.video_monitor.VideoMonitor object at 0x000002B38C74D550>, array([[[  0,   0,   0],\n        [  2,   2,   2],\n        [  5,   5,   5],\n        ...,\n        [247, 247, 247],\n        [249, 249, 249],\n        [252, 252, 252]],\n\n       [[  0,   0,   0],\n        [  2,   2,   2],\n        [  5,   5,   5],\n        ...,\n        [247, 247, 247],\n        [249, 249, 249],\n        [252, 252, 252]],\n\n       [[  0,   0,   0],\n        [  2,   2,   2],\n        [  5,   5,   5],\n        ...,\n        [247, 247, 247],\n        [249, 249, 249],\n        [252, 252, 252]],\n\n       ...,\n\n       [[  0,   0,   0],\n        [  2,   2,   2],\n        [  5,   5,   5],\n        ...,\n        [247, 247, 247],\n        [249, 249, 249],\n        [252, 252, 252]],\n\n       [[  0,   0,   0],\n        [  2,   2,   2],\n        [  5,   5,   5],\n        ...,\n        [247, 247, 247],\n        [249, 249, 249],\n        [252, 252, 252]],\n\n       [[  0,   0,   0],\n        [  2,   2,   2],\n        [  5,   5,   5],\n        ...,\n        [247, 247, 247],\n        [249, 249, 249],\n        [252, 252, 252]]], shape=(100, 100, 3), dtype=uint8), 'test_template')", "kwargs": "{}"}
2025-05-31 00:20:12 - cert_automation - INFO - Monitor event: template_matched | Module: monitor | Context: {"event_type": "template_matched", "template": "test_template", "confidence": 1.0, "location": [0, 0]}
2025-05-31 00:20:12 - cert_automation - DEBUG - Monitor operation completed | Module: error_handler | Context: {"operation": "match_template", "execution_time": 0.16373610496520996, "success": true}
2025-05-31 00:20:12 - cert_automation - INFO - Function execution completed | Module: timing | Context: {"function": "match_template", "execution_time_ms": 165.918}
2025-05-31 00:20:12 - cert_automation - INFO - Video monitor initialized | Module: video_monitor | Context: {"config": {"frame_analysis": {"buffer_size": 10, "motion_threshold": 1000, "progress_threshold": 0.9, "blur_threshold": 100}, "progress_bar": {"color_ranges": {"white": {"lower": [0, 0, 200], "upper": [180, 30, 255]}, "gray": {"lower": [0, 0, 100], "upper": [180, 30, 200]}}, "roi": {"top_percent": 0.8, "height_percent": 0.1}, "min_width_percent": 0.3, "min_height_pixels": 5}, "template_matching": {"threshold": 0.8, "scale_range": [0.8, 1.2], "scale_steps": 5}, "screenshots": {"max_per_session": 100, "jpeg_quality": 95, "png_compression": 9}, "logging": {"frame_metrics": true}}}
2025-05-31 00:20:12 - cert_automation - DEBUG - Starting monitor operation | Module: error_handler | Context: {"operation": "match_template", "args": "(<src.monitor.video_monitor.VideoMonitor object at 0x000002B38C585BF0>, array([[[  0,   0,   0],\n        [  1,   1,   1],\n        [  4,   4,   4],\n        ...,\n        [248, 248, 248],\n        [250, 250, 250],\n        [252, 252, 252]],\n\n       [[  0,   0,   0],\n        [  1,   1,   1],\n        [  4,   4,   4],\n        ...,\n        [248, 248, 248],\n        [250, 250, 250],\n        [252, 252, 252]],\n\n       [[  0,   0,   0],\n        [  1,   1,   1],\n        [  4,   4,   4],\n        ...,\n        [248, 248, 248],\n        [250, 250, 250],\n        [252, 252, 252]],\n\n       ...,\n\n       [[  0,   0,   0],\n        [  1,   1,   1],\n        [  4,   4,   4],\n        ...,\n        [248, 248, 248],\n        [250, 250, 250],\n        [252, 252, 252]],\n\n       [[  0,   0,   0],\n        [  1,   1,   1],\n        [  4,   4,   4],\n        ...,\n        [248, 248, 248],\n        [250, 250, 250],\n        [252, 252, 252]],\n\n       [[  0,   0,   0],\n        [  1,   1,   1],\n        [  4,   4,   4],\n        ...,\n        [248, 248, 248],\n        [250, 250, 250],\n        [252, 252, 252]]], shape=(120, 120, 3), dtype=uint8), 'test_template')", "kwargs": "{}"}
2025-05-31 00:20:12 - cert_automation - INFO - Monitor event: template_matched | Module: monitor | Context: {"event_type": "template_matched", "template": "test_template", "confidence": 1.0, "location": [12, 0]}
2025-05-31 00:20:12 - cert_automation - DEBUG - Monitor operation completed | Module: error_handler | Context: {"operation": "match_template", "execution_time": 0.044559478759765625, "success": true}
2025-05-31 00:20:12 - cert_automation - INFO - Function execution completed | Module: timing | Context: {"function": "match_template", "execution_time_ms": 48.077}
2025-05-31 00:20:53 - cert_automation - INFO - Video monitor initialized | Module: video_monitor | Context: {"config": {"frame_analysis": {"buffer_size": 10, "motion_threshold": 1000, "progress_threshold": 0.9, "blur_threshold": 100}, "progress_bar": {"color_ranges": {"white": {"lower": [0, 0, 200], "upper": [180, 30, 255]}, "gray": {"lower": [0, 0, 100], "upper": [180, 30, 200]}}, "roi": {"top_percent": 0.8, "height_percent": 0.1}, "min_width_percent": 0.3, "min_height_pixels": 5}, "template_matching": {"threshold": 0.8, "scale_range": [0.8, 1.2], "scale_steps": 5}, "screenshots": {"max_per_session": 100, "jpeg_quality": 95, "png_compression": 9}, "logging": {"frame_metrics": true}}}
2025-05-31 00:20:53 - cert_automation - INFO - Video monitor initialized | Module: video_monitor | Context: {"config": {"frame_analysis": {"buffer_size": 10, "motion_threshold": 1000, "progress_threshold": 0.9, "blur_threshold": 100}, "progress_bar": {"color_ranges": {"white": {"lower": [0, 0, 200], "upper": [180, 30, 255]}, "gray": {"lower": [0, 0, 100], "upper": [180, 30, 200]}}, "roi": {"top_percent": 0.8, "height_percent": 0.1}, "min_width_percent": 0.3, "min_height_pixels": 5}, "template_matching": {"threshold": 0.8, "scale_range": [0.8, 1.2], "scale_steps": 5}, "screenshots": {"max_per_session": 100, "jpeg_quality": 95, "png_compression": 9}, "logging": {"frame_metrics": true}}}
2025-05-31 00:20:53 - cert_automation - DEBUG - Starting monitor operation | Module: error_handler | Context: {"operation": "analyze_frame", "args": "(<src.monitor.video_monitor.VideoMonitor object at 0x00000227E305B4D0>, array([[[  0,   0,   0],\n        [  2,   2,   2],\n        [  5,   5,   5],\n        ...,\n        [247, 247, 247],\n        [249, 249, 249],\n        [252, 252, 252]],\n\n       [[  0,   0,   0],\n        [  2,   2,   2],\n        [  5,   5,   5],\n        ...,\n        [247, 247, 247],\n        [249, 249, 249],\n        [252, 252, 252]],\n\n       [[  0,   0,   0],\n        [  2,   2,   2],\n        [  5,   5,   5],\n        ...,\n        [247, 247, 247],\n        [249, 249, 249],\n        [252, 252, 252]],\n\n       ...,\n\n       [[  0,   0,   0],\n        [  2,   2,   2],\n        [  5,   5,   5],\n        ...,\n        [247, 247, 247],\n        [249, 249, 249],\n        [252, 252, 252]],\n\n       [[  0,   0,   0],\n        [  2,   2,   2],\n        [  5,   5,   5],\n        ...,\n        [247, 247, 247],\n        [249, 249, 249],\n        [252, 252, 252]],\n\n       [[  0,   0,   0],\n        [  2,   2,   2],\n        [  5,   5,   5],\n        ...,\n        [247, 247, 247],\n        [249, 249, 249],\n        [252, 252, 252]]], shape=(100, 100, 3), dtype=uint8))", "kwargs": "{}"}
2025-05-31 00:20:53 - cert_automation - INFO - Monitor event: frame_analysis | Module: monitor | Context: {"event_type": "frame_analysis", "metrics": {"motion_detected": false, "brightness": 125.75, "contrast": 73.59475185093024, "blur_score": 1.4099}}
2025-05-31 00:20:53 - cert_automation - DEBUG - Monitor operation completed | Module: error_handler | Context: {"operation": "analyze_frame", "execution_time": 0.021206140518188477, "success": true}
2025-05-31 00:20:53 - cert_automation - INFO - Function execution completed | Module: timing | Context: {"function": "analyze_frame", "execution_time_ms": 22.07}
2025-05-31 00:20:53 - cert_automation - INFO - Video monitor initialized | Module: video_monitor | Context: {"config": {"frame_analysis": {"buffer_size": 10, "motion_threshold": 1000, "progress_threshold": 0.9, "blur_threshold": 100}, "progress_bar": {"color_ranges": {"white": {"lower": [0, 0, 200], "upper": [180, 30, 255]}, "gray": {"lower": [0, 0, 100], "upper": [180, 30, 200]}}, "roi": {"top_percent": 0.8, "height_percent": 0.1}, "min_width_percent": 0.3, "min_height_pixels": 5}, "template_matching": {"threshold": 0.8, "scale_range": [0.8, 1.2], "scale_steps": 5}, "screenshots": {"max_per_session": 100, "jpeg_quality": 95, "png_compression": 9}, "logging": {"frame_metrics": true}}}
2025-05-31 00:20:53 - cert_automation - DEBUG - Starting monitor operation | Module: error_handler | Context: {"operation": "analyze_frame", "args": "(<src.monitor.video_monitor.VideoMonitor object at 0x00000227E305BB10>, None)", "kwargs": "{}"}
2025-05-31 00:20:53 - cert_automation - ERROR - Monitor operation failed | Module: error_handler | Context: {"operation": "analyze_frame", "execution_time": 0.0009098052978515625, "error": "Invalid frame"}
Traceback (most recent call last):
  File "C:\Users\Cringe Lord\cert_me_boi\src\utils\error_handler.py", line 326, in wrapper
    result = func(*args, **kwargs)
  File "C:\Users\Cringe Lord\cert_me_boi\src\monitor\video_monitor.py", line 103, in analyze_frame
    raise MonitorError("Invalid frame")
src.utils.error_handler.MonitorError: Invalid frame
2025-05-31 00:20:53 - cert_automation - ERROR - Function execution failed | Module: timing | Context: {"function": "analyze_frame", "execution_time_ms": 15.362, "error": "Invalid frame"}
Traceback (most recent call last):
  File "C:\Users\Cringe Lord\cert_me_boi\src\utils\logger.py", line 325, in wrapper
    result = func(*args, **kwargs)
  File "C:\Users\Cringe Lord\cert_me_boi\src\utils\error_handler.py", line 326, in wrapper
    result = func(*args, **kwargs)
  File "C:\Users\Cringe Lord\cert_me_boi\src\monitor\video_monitor.py", line 103, in analyze_frame
    raise MonitorError("Invalid frame")
src.utils.error_handler.MonitorError: Invalid frame
2025-05-31 00:20:53 - cert_automation - WARNING - Retry attempt 1/3 | Module: error_handler | Context: {"function": "analyze_frame", "error": "Invalid frame"}
2025-05-31 00:20:54 - cert_automation - DEBUG - Starting monitor operation | Module: error_handler | Context: {"operation": "analyze_frame", "args": "(<src.monitor.video_monitor.VideoMonitor object at 0x00000227E305BB10>, None)", "kwargs": "{}"}
2025-05-31 00:20:54 - cert_automation - ERROR - Monitor operation failed | Module: error_handler | Context: {"operation": "analyze_frame", "execution_time": 0.0013649463653564453, "error": "Invalid frame"}
Traceback (most recent call last):
  File "C:\Users\Cringe Lord\cert_me_boi\src\utils\error_handler.py", line 326, in wrapper
    result = func(*args, **kwargs)
  File "C:\Users\Cringe Lord\cert_me_boi\src\monitor\video_monitor.py", line 103, in analyze_frame
    raise MonitorError("Invalid frame")
src.utils.error_handler.MonitorError: Invalid frame
2025-05-31 00:20:54 - cert_automation - ERROR - Function execution failed | Module: timing | Context: {"function": "analyze_frame", "execution_time_ms": 8.403, "error": "Invalid frame"}
Traceback (most recent call last):
  File "C:\Users\Cringe Lord\cert_me_boi\src\utils\logger.py", line 325, in wrapper
    result = func(*args, **kwargs)
  File "C:\Users\Cringe Lord\cert_me_boi\src\utils\error_handler.py", line 326, in wrapper
    result = func(*args, **kwargs)
  File "C:\Users\Cringe Lord\cert_me_boi\src\monitor\video_monitor.py", line 103, in analyze_frame
    raise MonitorError("Invalid frame")
src.utils.error_handler.MonitorError: Invalid frame
2025-05-31 00:20:54 - cert_automation - WARNING - Retry attempt 2/3 | Module: error_handler | Context: {"function": "analyze_frame", "error": "Invalid frame"}
2025-05-31 00:20:56 - cert_automation - DEBUG - Starting monitor operation | Module: error_handler | Context: {"operation": "analyze_frame", "args": "(<src.monitor.video_monitor.VideoMonitor object at 0x00000227E305BB10>, None)", "kwargs": "{}"}
2025-05-31 00:20:56 - cert_automation - ERROR - Monitor operation failed | Module: error_handler | Context: {"operation": "analyze_frame", "execution_time": 0.001451253890991211, "error": "Invalid frame"}
Traceback (most recent call last):
  File "C:\Users\Cringe Lord\cert_me_boi\src\utils\error_handler.py", line 326, in wrapper
    result = func(*args, **kwargs)
  File "C:\Users\Cringe Lord\cert_me_boi\src\monitor\video_monitor.py", line 103, in analyze_frame
    raise MonitorError("Invalid frame")
src.utils.error_handler.MonitorError: Invalid frame
2025-05-31 00:20:56 - cert_automation - ERROR - Function execution failed | Module: timing | Context: {"function": "analyze_frame", "execution_time_ms": 9.821, "error": "Invalid frame"}
Traceback (most recent call last):
  File "C:\Users\Cringe Lord\cert_me_boi\src\utils\logger.py", line 325, in wrapper
    result = func(*args, **kwargs)
  File "C:\Users\Cringe Lord\cert_me_boi\src\utils\error_handler.py", line 326, in wrapper
    result = func(*args, **kwargs)
  File "C:\Users\Cringe Lord\cert_me_boi\src\monitor\video_monitor.py", line 103, in analyze_frame
    raise MonitorError("Invalid frame")
src.utils.error_handler.MonitorError: Invalid frame
2025-05-31 00:20:56 - cert_automation - ERROR - Max retry attempts (3) reached | Module: error_handler | Context: {"function": "analyze_frame", "error": "Invalid frame"}
Traceback (most recent call last):
  File "C:\Users\Cringe Lord\cert_me_boi\src\utils\error_handler.py", line 270, in wrapper
    return func(*args, **kwargs)
  File "C:\Users\Cringe Lord\cert_me_boi\src\utils\logger.py", line 325, in wrapper
    result = func(*args, **kwargs)
  File "C:\Users\Cringe Lord\cert_me_boi\src\utils\error_handler.py", line 326, in wrapper
    result = func(*args, **kwargs)
  File "C:\Users\Cringe Lord\cert_me_boi\src\monitor\video_monitor.py", line 103, in analyze_frame
    raise MonitorError("Invalid frame")
src.utils.error_handler.MonitorError: Invalid frame
2025-05-31 00:20:56 - cert_automation - INFO - Video monitor initialized | Module: video_monitor | Context: {"config": {"frame_analysis": {"buffer_size": 10, "motion_threshold": 1000, "progress_threshold": 0.9, "blur_threshold": 100}, "progress_bar": {"color_ranges": {"white": {"lower": [0, 0, 200], "upper": [180, 30, 255]}, "gray": {"lower": [0, 0, 100], "upper": [180, 30, 200]}}, "roi": {"top_percent": 0.8, "height_percent": 0.1}, "min_width_percent": 0.3, "min_height_pixels": 5}, "template_matching": {"threshold": 0.8, "scale_range": [0.8, 1.2], "scale_steps": 5}, "screenshots": {"max_per_session": 100, "jpeg_quality": 95, "png_compression": 9}, "logging": {"frame_metrics": true}}}
2025-05-31 00:20:56 - cert_automation - INFO - Video monitor initialized | Module: video_monitor | Context: {"config": {"frame_analysis": {"buffer_size": 10, "motion_threshold": 1000, "progress_threshold": 0.9, "blur_threshold": 100}, "progress_bar": {"color_ranges": {"white": {"lower": [0, 0, 200], "upper": [180, 30, 255]}, "gray": {"lower": [0, 0, 100], "upper": [180, 30, 200]}}, "roi": {"top_percent": 0.8, "height_percent": 0.1}, "min_width_percent": 0.3, "min_height_pixels": 5}, "template_matching": {"threshold": 0.8, "scale_range": [0.8, 1.2], "scale_steps": 5}, "screenshots": {"max_per_session": 100, "jpeg_quality": 95, "png_compression": 9}, "logging": {"frame_metrics": true}}}
2025-05-31 00:20:57 - cert_automation - INFO - Video monitor initialized | Module: video_monitor | Context: {"config": {"frame_analysis": {"buffer_size": 10, "motion_threshold": 1000, "progress_threshold": 0.9, "blur_threshold": 100}, "progress_bar": {"color_ranges": {"white": {"lower": [0, 0, 200], "upper": [180, 30, 255]}, "gray": {"lower": [0, 0, 100], "upper": [180, 30, 200]}}, "roi": {"top_percent": 0.8, "height_percent": 0.1}, "min_width_percent": 0.3, "min_height_pixels": 5}, "template_matching": {"threshold": 0.8, "scale_range": [0.8, 1.2], "scale_steps": 5}, "screenshots": {"max_per_session": 100, "jpeg_quality": 95, "png_compression": 9}, "logging": {"frame_metrics": true}}}
2025-05-31 00:20:57 - cert_automation - DEBUG - Starting monitor operation | Module: error_handler | Context: {"operation": "detect_progress_bar", "args": "(<src.monitor.video_monitor.VideoMonitor object at 0x00000227E4070710>, array([[[0, 0, 0],\n        [0, 0, 0],\n        [0, 0, 0],\n        ...,\n        [0, 0, 0],\n        [0, 0, 0],\n        [0, 0, 0]],\n\n       [[0, 0, 0],\n        [0, 0, 0],\n        [0, 0, 0],\n        ...,\n        [0, 0, 0],\n        [0, 0, 0],\n        [0, 0, 0]],\n\n       [[0, 0, 0],\n        [0, 0, 0],\n        [0, 0, 0],\n        ...,\n        [0, 0, 0],\n        [0, 0, 0],\n        [0, 0, 0]],\n\n       ...,\n\n       [[0, 0, 0],\n        [0, 0, 0],\n        [0, 0, 0],\n        ...,\n        [0, 0, 0],\n        [0, 0, 0],\n        [0, 0, 0]],\n\n       [[0, 0, 0],\n        [0, 0, 0],\n        [0, 0, 0],\n        ...,\n        [0, 0, 0],\n        [0, 0, 0],\n        [0, 0, 0]],\n\n       [[0, 0, 0],\n        [0, 0, 0],\n        [0, 0, 0],\n        ...,\n        [0, 0, 0],\n        [0, 0, 0],\n        [0, 0, 0]]], shape=(200, 400, 3), dtype=uint8))", "kwargs": "{}"}
2025-05-31 00:20:57 - cert_automation - INFO - Monitor event: progress_detection | Module: monitor | Context: {"event_type": "progress_detection", "progress": 1.0, "bar_width": 300, "bar_height": 20}
2025-05-31 00:20:57 - cert_automation - DEBUG - Monitor operation completed | Module: error_handler | Context: {"operation": "detect_progress_bar", "execution_time": 0.04497814178466797, "success": true}
2025-05-31 00:20:57 - cert_automation - INFO - Function execution completed | Module: timing | Context: {"function": "detect_progress_bar", "execution_time_ms": 45.751}
2025-05-31 00:20:57 - cert_automation - INFO - Video monitor initialized | Module: video_monitor | Context: {"config": {"frame_analysis": {"buffer_size": 10, "motion_threshold": 1000, "progress_threshold": 0.9, "blur_threshold": 100}, "progress_bar": {"color_ranges": {"white": {"lower": [0, 0, 200], "upper": [180, 30, 255]}, "gray": {"lower": [0, 0, 100], "upper": [180, 30, 200]}}, "roi": {"top_percent": 0.8, "height_percent": 0.1}, "min_width_percent": 0.3, "min_height_pixels": 5}, "template_matching": {"threshold": 0.8, "scale_range": [0.8, 1.2], "scale_steps": 5}, "screenshots": {"max_per_session": 100, "jpeg_quality": 95, "png_compression": 9}, "logging": {"frame_metrics": true}}}
2025-05-31 00:20:57 - cert_automation - DEBUG - Starting monitor operation | Module: error_handler | Context: {"operation": "detect_progress_bar", "args": "(<src.monitor.video_monitor.VideoMonitor object at 0x00000227E4148160>, array([[[  0,   0,   0],\n        [  2,   2,   2],\n        [  5,   5,   5],\n        ...,\n        [247, 247, 247],\n        [249, 249, 249],\n        [252, 252, 252]],\n\n       [[  0,   0,   0],\n        [  2,   2,   2],\n        [  5,   5,   5],\n        ...,\n        [247, 247, 247],\n        [249, 249, 249],\n        [252, 252, 252]],\n\n       [[  0,   0,   0],\n        [  2,   2,   2],\n        [  5,   5,   5],\n        ...,\n        [247, 247, 247],\n        [249, 249, 249],\n        [252, 252, 252]],\n\n       ...,\n\n       [[  0,   0,   0],\n        [  2,   2,   2],\n        [  5,   5,   5],\n        ...,\n        [247, 247, 247],\n        [249, 249, 249],\n        [252, 252, 252]],\n\n       [[  0,   0,   0],\n        [  2,   2,   2],\n        [  5,   5,   5],\n        ...,\n        [247, 247, 247],\n        [249, 249, 249],\n        [252, 252, 252]],\n\n       [[  0,   0,   0],\n        [  2,   2,   2],\n        [  5,   5,   5],\n        ...,\n        [247, 247, 247],\n        [249, 249, 249],\n        [252, 252, 252]]], shape=(100, 100, 3), dtype=uint8))", "kwargs": "{}"}
2025-05-31 00:20:57 - cert_automation - INFO - Monitor event: progress_detection | Module: monitor | Context: {"event_type": "progress_detection", "progress": 1.0, "bar_width": 60, "bar_height": 10}
2025-05-31 00:20:57 - cert_automation - DEBUG - Monitor operation completed | Module: error_handler | Context: {"operation": "detect_progress_bar", "execution_time": 0.009424448013305664, "success": true}
2025-05-31 00:20:57 - cert_automation - INFO - Function execution completed | Module: timing | Context: {"function": "detect_progress_bar", "execution_time_ms": 11.809}
2025-05-31 00:20:57 - cert_automation - INFO - Video monitor initialized | Module: video_monitor | Context: {"config": {"frame_analysis": {"buffer_size": 10, "motion_threshold": 1000, "progress_threshold": 0.9, "blur_threshold": 100}, "progress_bar": {"color_ranges": {"white": {"lower": [0, 0, 200], "upper": [180, 30, 255]}, "gray": {"lower": [0, 0, 100], "upper": [180, 30, 200]}}, "roi": {"top_percent": 0.8, "height_percent": 0.1}, "min_width_percent": 0.3, "min_height_pixels": 5}, "template_matching": {"threshold": 0.8, "scale_range": [0.8, 1.2], "scale_steps": 5}, "screenshots": {"max_per_session": 100, "jpeg_quality": 95, "png_compression": 9}, "logging": {"frame_metrics": true}}}
2025-05-31 00:20:57 - cert_automation - DEBUG - Starting monitor operation | Module: error_handler | Context: {"operation": "analyze_frame", "args": "(<src.monitor.video_monitor.VideoMonitor object at 0x00000227E41489E0>, array([[[  0,   0,   0],\n        [  2,   2,   2],\n        [  5,   5,   5],\n        ...,\n        [247, 247, 247],\n        [249, 249, 249],\n        [252, 252, 252]],\n\n       [[  0,   0,   0],\n        [  2,   2,   2],\n        [  5,   5,   5],\n        ...,\n        [247, 247, 247],\n        [249, 249, 249],\n        [252, 252, 252]],\n\n       [[  0,   0,   0],\n        [  2,   2,   2],\n        [  5,   5,   5],\n        ...,\n        [247, 247, 247],\n        [249, 249, 249],\n        [252, 252, 252]],\n\n       ...,\n\n       [[  0,   0,   0],\n        [  2,   2,   2],\n        [  5,   5,   5],\n        ...,\n        [247, 247, 247],\n        [249, 249, 249],\n        [252, 252, 252]],\n\n       [[  0,   0,   0],\n        [  2,   2,   2],\n        [  5,   5,   5],\n        ...,\n        [247, 247, 247],\n        [249, 249, 249],\n        [252, 252, 252]],\n\n       [[  0,   0,   0],\n        [  2,   2,   2],\n        [  5,   5,   5],\n        ...,\n        [247, 247, 247],\n        [249, 249, 249],\n        [252, 252, 252]]], shape=(100, 100, 3), dtype=uint8))", "kwargs": "{}"}
2025-05-31 00:20:57 - cert_automation - INFO - Monitor event: frame_analysis | Module: monitor | Context: {"event_type": "frame_analysis", "metrics": {"motion_detected": false, "brightness": 125.75, "contrast": 73.59475185093024, "blur_score": 1.4099}}
2025-05-31 00:20:57 - cert_automation - DEBUG - Monitor operation completed | Module: error_handler | Context: {"operation": "analyze_frame", "execution_time": 0.006983041763305664, "success": true}
2025-05-31 00:20:57 - cert_automation - INFO - Function execution completed | Module: timing | Context: {"function": "analyze_frame", "execution_time_ms": 7.718}
2025-05-31 00:20:57 - cert_automation - DEBUG - Starting monitor operation | Module: error_handler | Context: {"operation": "verify_video_playing", "args": "(<src.monitor.video_monitor.VideoMonitor object at 0x00000227E41489E0>, array([[[255, 255, 255],\n        [255, 255, 255],\n        [255, 255, 255],\n        ...,\n        [255, 255, 255],\n        [255, 255, 255],\n        [255, 255, 255]],\n\n       [[255, 255, 255],\n        [255, 255, 255],\n        [255, 255, 255],\n        ...,\n        [255, 255, 255],\n        [255, 255, 255],\n        [255, 255, 255]],\n\n       [[255, 255, 255],\n        [255, 255, 255],\n        [255, 255, 255],\n        ...,\n        [255, 255, 255],\n        [255, 255, 255],\n        [255, 255, 255]],\n\n       ...,\n\n       [[255, 255, 255],\n        [255, 255, 255],\n        [255, 255, 255],\n        ...,\n        [255, 255, 255],\n        [255, 255, 255],\n        [255, 255, 255]],\n\n       [[255, 255, 255],\n        [255, 255, 255],\n        [255, 255, 255],\n        ...,\n        [255, 255, 255],\n        [255, 255, 255],\n        [255, 255, 255]],\n\n       [[255, 255, 255],\n        [255, 255, 255],\n        [255, 255, 255],\n        ...,\n        [255, 255, 255],\n        [255, 255, 255],\n        [255, 255, 255]]], shape=(100, 100, 3), dtype=uint8))", "kwargs": "{}"}
2025-05-31 00:20:57 - cert_automation - INFO - Monitor event: playback_status | Module: monitor | Context: {"event_type": "playback_status", "is_playing": false, "motion_detected": false, "blur_score": 0.0}
2025-05-31 00:20:57 - cert_automation - DEBUG - Monitor operation completed | Module: error_handler | Context: {"operation": "verify_video_playing", "execution_time": 0.006140708923339844, "success": true}
2025-05-31 00:20:57 - cert_automation - INFO - Function execution completed | Module: timing | Context: {"function": "verify_video_playing", "execution_time_ms": 7.216}
2025-05-31 00:20:57 - cert_automation - INFO - Video monitor initialized | Module: video_monitor | Context: {"config": {"frame_analysis": {"buffer_size": 10, "motion_threshold": 1000, "progress_threshold": 0.9, "blur_threshold": 100}, "progress_bar": {"color_ranges": {"white": {"lower": [0, 0, 200], "upper": [180, 30, 255]}, "gray": {"lower": [0, 0, 100], "upper": [180, 30, 200]}}, "roi": {"top_percent": 0.8, "height_percent": 0.1}, "min_width_percent": 0.3, "min_height_pixels": 5}, "template_matching": {"threshold": 0.8, "scale_range": [0.8, 1.2], "scale_steps": 5}, "screenshots": {"max_per_session": 100, "jpeg_quality": 95, "png_compression": 9}, "logging": {"frame_metrics": true}}}
2025-05-31 00:20:57 - cert_automation - DEBUG - Starting monitor operation | Module: error_handler | Context: {"operation": "save_frame", "args": "(<src.monitor.video_monitor.VideoMonitor object at 0x00000227E40F5850>, array([[[  0,   0,   0],\n        [  2,   2,   2],\n        [  5,   5,   5],\n        ...,\n        [247, 247, 247],\n        [249, 249, 249],\n        [252, 252, 252]],\n\n       [[  0,   0,   0],\n        [  2,   2,   2],\n        [  5,   5,   5],\n        ...,\n        [247, 247, 247],\n        [249, 249, 249],\n        [252, 252, 252]],\n\n       [[  0,   0,   0],\n        [  2,   2,   2],\n        [  5,   5,   5],\n        ...,\n        [247, 247, 247],\n        [249, 249, 249],\n        [252, 252, 252]],\n\n       ...,\n\n       [[  0,   0,   0],\n        [  2,   2,   2],\n        [  5,   5,   5],\n        ...,\n        [247, 247, 247],\n        [249, 249, 249],\n        [252, 252, 252]],\n\n       [[  0,   0,   0],\n        [  2,   2,   2],\n        [  5,   5,   5],\n        ...,\n        [247, 247, 247],\n        [249, 249, 249],\n        [252, 252, 252]],\n\n       [[  0,   0,   0],\n        [  2,   2,   2],\n        [  5,   5,   5],\n        ...,\n        [247, 247, 247],\n        [249, 249, 249],\n        [252, 252, 252]]], shape=(100, 100, 3), dtype=uint8), 'test_frame')", "kwargs": "{}"}
2025-05-31 00:20:57 - cert_automation - INFO - Monitor event: screenshot_saved | Module: monitor | Context: {"event_type": "screenshot_saved", "path": "C:\\Users\\Cringe Lord\\AppData\\Local\\Temp\\pytest-of-Cringe Lord\\pytest-33\\test_save_frame0\\screenshots\\test_frame.png", "name": "test_frame", "count": 1}
2025-05-31 00:20:57 - cert_automation - DEBUG - Monitor operation completed | Module: error_handler | Context: {"operation": "save_frame", "execution_time": 0.06033062934875488, "success": true}
2025-05-31 00:20:57 - cert_automation - INFO - Function execution completed | Module: timing | Context: {"function": "save_frame", "execution_time_ms": 61.387}
2025-05-31 00:20:57 - cert_automation - INFO - Video monitor initialized | Module: video_monitor | Context: {"config": {"frame_analysis": {"buffer_size": 10, "motion_threshold": 1000, "progress_threshold": 0.9, "blur_threshold": 100}, "progress_bar": {"color_ranges": {"white": {"lower": [0, 0, 200], "upper": [180, 30, 255]}, "gray": {"lower": [0, 0, 100], "upper": [180, 30, 200]}}, "roi": {"top_percent": 0.8, "height_percent": 0.1}, "min_width_percent": 0.3, "min_height_pixels": 5}, "template_matching": {"threshold": 0.8, "scale_range": [0.8, 1.2], "scale_steps": 5}, "screenshots": {"max_per_session": 100, "jpeg_quality": 95, "png_compression": 9}, "logging": {"frame_metrics": true}}}
2025-05-31 00:20:57 - cert_automation - DEBUG - Starting monitor operation | Module: error_handler | Context: {"operation": "save_frame", "args": "(<src.monitor.video_monitor.VideoMonitor object at 0x00000227E40F5350>, array([[[  0,   0,   0],\n        [  2,   2,   2],\n        [  5,   5,   5],\n        ...,\n        [247, 247, 247],\n        [249, 249, 249],\n        [252, 252, 252]],\n\n       [[  0,   0,   0],\n        [  2,   2,   2],\n        [  5,   5,   5],\n        ...,\n        [247, 247, 247],\n        [249, 249, 249],\n        [252, 252, 252]],\n\n       [[  0,   0,   0],\n        [  2,   2,   2],\n        [  5,   5,   5],\n        ...,\n        [247, 247, 247],\n        [249, 249, 249],\n        [252, 252, 252]],\n\n       ...,\n\n       [[  0,   0,   0],\n        [  2,   2,   2],\n        [  5,   5,   5],\n        ...,\n        [247, 247, 247],\n        [249, 249, 249],\n        [252, 252, 252]],\n\n       [[  0,   0,   0],\n        [  2,   2,   2],\n        [  5,   5,   5],\n        ...,\n        [247, 247, 247],\n        [249, 249, 249],\n        [252, 252, 252]],\n\n       [[  0,   0,   0],\n        [  2,   2,   2],\n        [  5,   5,   5],\n        ...,\n        [247, 247, 247],\n        [249, 249, 249],\n        [252, 252, 252]]], shape=(100, 100, 3), dtype=uint8), 'test_frame')", "kwargs": "{}"}
2025-05-31 00:20:57 - cert_automation - WARNING - Maximum screenshots reached | Module: video_monitor | Context: {"max_screenshots": 100}
2025-05-31 00:20:57 - cert_automation - DEBUG - Monitor operation completed | Module: error_handler | Context: {"operation": "save_frame", "execution_time": 0.009018898010253906, "success": true}
2025-05-31 00:20:57 - cert_automation - INFO - Function execution completed | Module: timing | Context: {"function": "save_frame", "execution_time_ms": 10.066}
2025-05-31 00:20:57 - cert_automation - INFO - Video monitor initialized | Module: video_monitor | Context: {"config": {"frame_analysis": {"buffer_size": 10, "motion_threshold": 1000, "progress_threshold": 0.9, "blur_threshold": 100}, "progress_bar": {"color_ranges": {"white": {"lower": [0, 0, 200], "upper": [180, 30, 255]}, "gray": {"lower": [0, 0, 100], "upper": [180, 30, 200]}}, "roi": {"top_percent": 0.8, "height_percent": 0.1}, "min_width_percent": 0.3, "min_height_pixels": 5}, "template_matching": {"threshold": 0.8, "scale_range": [0.8, 1.2], "scale_steps": 5}, "screenshots": {"max_per_session": 100, "jpeg_quality": 95, "png_compression": 9}, "logging": {"frame_metrics": true}}}
2025-05-31 00:20:57 - cert_automation - DEBUG - Starting monitor operation | Module: error_handler | Context: {"operation": "save_frame", "args": "(<src.monitor.video_monitor.VideoMonitor object at 0x00000227E4134E60>, None, 'test_frame')", "kwargs": "{}"}
2025-05-31 00:20:57 - cert_automation - ERROR - Monitor operation failed | Module: error_handler | Context: {"operation": "save_frame", "execution_time": 0.0013654232025146484, "error": "Invalid frame"}
Traceback (most recent call last):
  File "C:\Users\Cringe Lord\cert_me_boi\src\utils\error_handler.py", line 326, in wrapper
    result = func(*args, **kwargs)
  File "C:\Users\Cringe Lord\cert_me_boi\src\monitor\video_monitor.py", line 229, in save_frame
    raise MonitorError("Invalid frame")
src.utils.error_handler.MonitorError: Invalid frame
2025-05-31 00:20:57 - cert_automation - ERROR - Function execution failed | Module: timing | Context: {"function": "save_frame", "execution_time_ms": 23.834999999999997, "error": "Invalid frame"}
Traceback (most recent call last):
  File "C:\Users\Cringe Lord\cert_me_boi\src\utils\logger.py", line 325, in wrapper
    result = func(*args, **kwargs)
  File "C:\Users\Cringe Lord\cert_me_boi\src\utils\error_handler.py", line 326, in wrapper
    result = func(*args, **kwargs)
  File "C:\Users\Cringe Lord\cert_me_boi\src\monitor\video_monitor.py", line 229, in save_frame
    raise MonitorError("Invalid frame")
src.utils.error_handler.MonitorError: Invalid frame
2025-05-31 00:20:57 - cert_automation - WARNING - Retry attempt 1/3 | Module: error_handler | Context: {"function": "save_frame", "error": "Invalid frame"}
2025-05-31 00:20:58 - cert_automation - DEBUG - Starting monitor operation | Module: error_handler | Context: {"operation": "save_frame", "args": "(<src.monitor.video_monitor.VideoMonitor object at 0x00000227E4134E60>, None, 'test_frame')", "kwargs": "{}"}
2025-05-31 00:20:58 - cert_automation - ERROR - Monitor operation failed | Module: error_handler | Context: {"operation": "save_frame", "execution_time": 0.001760721206665039, "error": "Invalid frame"}
Traceback (most recent call last):
  File "C:\Users\Cringe Lord\cert_me_boi\src\utils\error_handler.py", line 326, in wrapper
    result = func(*args, **kwargs)
  File "C:\Users\Cringe Lord\cert_me_boi\src\monitor\video_monitor.py", line 229, in save_frame
    raise MonitorError("Invalid frame")
src.utils.error_handler.MonitorError: Invalid frame
2025-05-31 00:20:58 - cert_automation - ERROR - Function execution failed | Module: timing | Context: {"function": "save_frame", "execution_time_ms": 9.311, "error": "Invalid frame"}
Traceback (most recent call last):
  File "C:\Users\Cringe Lord\cert_me_boi\src\utils\logger.py", line 325, in wrapper
    result = func(*args, **kwargs)
  File "C:\Users\Cringe Lord\cert_me_boi\src\utils\error_handler.py", line 326, in wrapper
    result = func(*args, **kwargs)
  File "C:\Users\Cringe Lord\cert_me_boi\src\monitor\video_monitor.py", line 229, in save_frame
    raise MonitorError("Invalid frame")
src.utils.error_handler.MonitorError: Invalid frame
2025-05-31 00:20:58 - cert_automation - WARNING - Retry attempt 2/3 | Module: error_handler | Context: {"function": "save_frame", "error": "Invalid frame"}
2025-05-31 00:21:00 - cert_automation - DEBUG - Starting monitor operation | Module: error_handler | Context: {"operation": "save_frame", "args": "(<src.monitor.video_monitor.VideoMonitor object at 0x00000227E4134E60>, None, 'test_frame')", "kwargs": "{}"}
2025-05-31 00:21:00 - cert_automation - ERROR - Monitor operation failed | Module: error_handler | Context: {"operation": "save_frame", "execution_time": 0.0018177032470703125, "error": "Invalid frame"}
Traceback (most recent call last):
  File "C:\Users\Cringe Lord\cert_me_boi\src\utils\error_handler.py", line 326, in wrapper
    result = func(*args, **kwargs)
  File "C:\Users\Cringe Lord\cert_me_boi\src\monitor\video_monitor.py", line 229, in save_frame
    raise MonitorError("Invalid frame")
src.utils.error_handler.MonitorError: Invalid frame
2025-05-31 00:21:00 - cert_automation - ERROR - Function execution failed | Module: timing | Context: {"function": "save_frame", "execution_time_ms": 12.157, "error": "Invalid frame"}
Traceback (most recent call last):
  File "C:\Users\Cringe Lord\cert_me_boi\src\utils\logger.py", line 325, in wrapper
    result = func(*args, **kwargs)
  File "C:\Users\Cringe Lord\cert_me_boi\src\utils\error_handler.py", line 326, in wrapper
    result = func(*args, **kwargs)
  File "C:\Users\Cringe Lord\cert_me_boi\src\monitor\video_monitor.py", line 229, in save_frame
    raise MonitorError("Invalid frame")
src.utils.error_handler.MonitorError: Invalid frame
2025-05-31 00:21:00 - cert_automation - ERROR - Max retry attempts (3) reached | Module: error_handler | Context: {"function": "save_frame", "error": "Invalid frame"}
Traceback (most recent call last):
  File "C:\Users\Cringe Lord\cert_me_boi\src\utils\error_handler.py", line 270, in wrapper
    return func(*args, **kwargs)
  File "C:\Users\Cringe Lord\cert_me_boi\src\utils\logger.py", line 325, in wrapper
    result = func(*args, **kwargs)
  File "C:\Users\Cringe Lord\cert_me_boi\src\utils\error_handler.py", line 326, in wrapper
    result = func(*args, **kwargs)
  File "C:\Users\Cringe Lord\cert_me_boi\src\monitor\video_monitor.py", line 229, in save_frame
    raise MonitorError("Invalid frame")
src.utils.error_handler.MonitorError: Invalid frame
2025-05-31 00:21:00 - cert_automation - INFO - Video monitor initialized | Module: video_monitor | Context: {"config": {"frame_analysis": {"buffer_size": 10, "motion_threshold": 1000, "progress_threshold": 0.9, "blur_threshold": 100}, "progress_bar": {"color_ranges": {"white": {"lower": [0, 0, 200], "upper": [180, 30, 255]}, "gray": {"lower": [0, 0, 100], "upper": [180, 30, 200]}}, "roi": {"top_percent": 0.8, "height_percent": 0.1}, "min_width_percent": 0.3, "min_height_pixels": 5}, "template_matching": {"threshold": 0.8, "scale_range": [0.8, 1.2], "scale_steps": 5}, "screenshots": {"max_per_session": 100, "jpeg_quality": 95, "png_compression": 9}, "logging": {"frame_metrics": true}}}
2025-05-31 00:21:00 - cert_automation - DEBUG - Starting monitor operation | Module: error_handler | Context: {"operation": "match_template", "args": "(<src.monitor.video_monitor.VideoMonitor object at 0x00000227E41354F0>, array([[[  0,   0,   0],\n        [  2,   2,   2],\n        [  5,   5,   5],\n        ...,\n        [247, 247, 247],\n        [249, 249, 249],\n        [252, 252, 252]],\n\n       [[  0,   0,   0],\n        [  2,   2,   2],\n        [  5,   5,   5],\n        ...,\n        [247, 247, 247],\n        [249, 249, 249],\n        [252, 252, 252]],\n\n       [[  0,   0,   0],\n        [  2,   2,   2],\n        [  5,   5,   5],\n        ...,\n        [247, 247, 247],\n        [249, 249, 249],\n        [252, 252, 252]],\n\n       ...,\n\n       [[  0,   0,   0],\n        [  2,   2,   2],\n        [  5,   5,   5],\n        ...,\n        [247, 247, 247],\n        [249, 249, 249],\n        [252, 252, 252]],\n\n       [[  0,   0,   0],\n        [  2,   2,   2],\n        [  5,   5,   5],\n        ...,\n        [247, 247, 247],\n        [249, 249, 249],\n        [252, 252, 252]],\n\n       [[  0,   0,   0],\n        [  2,   2,   2],\n        [  5,   5,   5],\n        ...,\n        [247, 247, 247],\n        [249, 249, 249],\n        [252, 252, 252]]], shape=(100, 100, 3), dtype=uint8), 'test_template')", "kwargs": "{}"}
2025-05-31 00:21:01 - cert_automation - INFO - Monitor event: template_matched | Module: monitor | Context: {"event_type": "template_matched", "template": "test_template", "confidence": 1.0, "location": [10, 0]}
2025-05-31 00:21:01 - cert_automation - DEBUG - Monitor operation completed | Module: error_handler | Context: {"operation": "match_template", "execution_time": 1.010291337966919, "success": true}
2025-05-31 00:21:01 - cert_automation - INFO - Function execution completed | Module: timing | Context: {"function": "match_template", "execution_time_ms": 1010.6250000000001}
2025-05-31 00:21:01 - cert_automation - INFO - Video monitor initialized | Module: video_monitor | Context: {"config": {"frame_analysis": {"buffer_size": 10, "motion_threshold": 1000, "progress_threshold": 0.9, "blur_threshold": 100}, "progress_bar": {"color_ranges": {"white": {"lower": [0, 0, 200], "upper": [180, 30, 255]}, "gray": {"lower": [0, 0, 100], "upper": [180, 30, 200]}}, "roi": {"top_percent": 0.8, "height_percent": 0.1}, "min_width_percent": 0.3, "min_height_pixels": 5}, "template_matching": {"threshold": 0.8, "scale_range": [0.8, 1.2], "scale_steps": 5}, "screenshots": {"max_per_session": 100, "jpeg_quality": 95, "png_compression": 9}, "logging": {"frame_metrics": true}}}
2025-05-31 00:21:01 - cert_automation - DEBUG - Starting monitor operation | Module: error_handler | Context: {"operation": "match_template", "args": "(<src.monitor.video_monitor.VideoMonitor object at 0x00000227E41509F0>, array([[[  0,   0,   0],\n        [  2,   2,   2],\n        [  5,   5,   5],\n        ...,\n        [247, 247, 247],\n        [249, 249, 249],\n        [252, 252, 252]],\n\n       [[  0,   0,   0],\n        [  2,   2,   2],\n        [  5,   5,   5],\n        ...,\n        [247, 247, 247],\n        [249, 249, 249],\n        [252, 252, 252]],\n\n       [[  0,   0,   0],\n        [  2,   2,   2],\n        [  5,   5,   5],\n        ...,\n        [247, 247, 247],\n        [249, 249, 249],\n        [252, 252, 252]],\n\n       ...,\n\n       [[  0,   0,   0],\n        [  2,   2,   2],\n        [  5,   5,   5],\n        ...,\n        [247, 247, 247],\n        [249, 249, 249],\n        [252, 252, 252]],\n\n       [[  0,   0,   0],\n        [  2,   2,   2],\n        [  5,   5,   5],\n        ...,\n        [247, 247, 247],\n        [249, 249, 249],\n        [252, 252, 252]],\n\n       [[  0,   0,   0],\n        [  2,   2,   2],\n        [  5,   5,   5],\n        ...,\n        [247, 247, 247],\n        [249, 249, 249],\n        [252, 252, 252]]], shape=(100, 100, 3), dtype=uint8), 'nonexistent')", "kwargs": "{}"}
2025-05-31 00:21:01 - cert_automation - ERROR - Monitor operation failed | Module: error_handler | Context: {"operation": "match_template", "execution_time": 0.0016779899597167969, "error": "Template nonexistent not found"}
Traceback (most recent call last):
  File "C:\Users\Cringe Lord\cert_me_boi\src\utils\error_handler.py", line 326, in wrapper
    result = func(*args, **kwargs)
  File "C:\Users\Cringe Lord\cert_me_boi\src\monitor\video_monitor.py", line 271, in match_template
    raise MonitorError(f"Template {template_name} not found")
src.utils.error_handler.MonitorError: Template nonexistent not found
2025-05-31 00:21:01 - cert_automation - ERROR - Function execution failed | Module: timing | Context: {"function": "match_template", "execution_time_ms": 9.181, "error": "Template nonexistent not found"}
Traceback (most recent call last):
  File "C:\Users\Cringe Lord\cert_me_boi\src\utils\logger.py", line 325, in wrapper
    result = func(*args, **kwargs)
  File "C:\Users\Cringe Lord\cert_me_boi\src\utils\error_handler.py", line 326, in wrapper
    result = func(*args, **kwargs)
  File "C:\Users\Cringe Lord\cert_me_boi\src\monitor\video_monitor.py", line 271, in match_template
    raise MonitorError(f"Template {template_name} not found")
src.utils.error_handler.MonitorError: Template nonexistent not found
2025-05-31 00:21:01 - cert_automation - WARNING - Retry attempt 1/3 | Module: error_handler | Context: {"function": "match_template", "error": "Template nonexistent not found"}
2025-05-31 00:21:02 - cert_automation - DEBUG - Starting monitor operation | Module: error_handler | Context: {"operation": "match_template", "args": "(<src.monitor.video_monitor.VideoMonitor object at 0x00000227E41509F0>, array([[[  0,   0,   0],\n        [  2,   2,   2],\n        [  5,   5,   5],\n        ...,\n        [247, 247, 247],\n        [249, 249, 249],\n        [252, 252, 252]],\n\n       [[  0,   0,   0],\n        [  2,   2,   2],\n        [  5,   5,   5],\n        ...,\n        [247, 247, 247],\n        [249, 249, 249],\n        [252, 252, 252]],\n\n       [[  0,   0,   0],\n        [  2,   2,   2],\n        [  5,   5,   5],\n        ...,\n        [247, 247, 247],\n        [249, 249, 249],\n        [252, 252, 252]],\n\n       ...,\n\n       [[  0,   0,   0],\n        [  2,   2,   2],\n        [  5,   5,   5],\n        ...,\n        [247, 247, 247],\n        [249, 249, 249],\n        [252, 252, 252]],\n\n       [[  0,   0,   0],\n        [  2,   2,   2],\n        [  5,   5,   5],\n        ...,\n        [247, 247, 247],\n        [249, 249, 249],\n        [252, 252, 252]],\n\n       [[  0,   0,   0],\n        [  2,   2,   2],\n        [  5,   5,   5],\n        ...,\n        [247, 247, 247],\n        [249, 249, 249],\n        [252, 252, 252]]], shape=(100, 100, 3), dtype=uint8), 'nonexistent')", "kwargs": "{}"}
2025-05-31 00:21:02 - cert_automation - ERROR - Monitor operation failed | Module: error_handler | Context: {"operation": "match_template", "execution_time": 0.0022552013397216797, "error": "Template nonexistent not found"}
Traceback (most recent call last):
  File "C:\Users\Cringe Lord\cert_me_boi\src\utils\error_handler.py", line 326, in wrapper
    result = func(*args, **kwargs)
  File "C:\Users\Cringe Lord\cert_me_boi\src\monitor\video_monitor.py", line 271, in match_template
    raise MonitorError(f"Template {template_name} not found")
src.utils.error_handler.MonitorError: Template nonexistent not found
2025-05-31 00:21:02 - cert_automation - ERROR - Function execution failed | Module: timing | Context: {"function": "match_template", "execution_time_ms": 6.849, "error": "Template nonexistent not found"}
Traceback (most recent call last):
  File "C:\Users\Cringe Lord\cert_me_boi\src\utils\logger.py", line 325, in wrapper
    result = func(*args, **kwargs)
  File "C:\Users\Cringe Lord\cert_me_boi\src\utils\error_handler.py", line 326, in wrapper
    result = func(*args, **kwargs)
  File "C:\Users\Cringe Lord\cert_me_boi\src\monitor\video_monitor.py", line 271, in match_template
    raise MonitorError(f"Template {template_name} not found")
src.utils.error_handler.MonitorError: Template nonexistent not found
2025-05-31 00:21:02 - cert_automation - WARNING - Retry attempt 2/3 | Module: error_handler | Context: {"function": "match_template", "error": "Template nonexistent not found"}
2025-05-31 00:21:04 - cert_automation - DEBUG - Starting monitor operation | Module: error_handler | Context: {"operation": "match_template", "args": "(<src.monitor.video_monitor.VideoMonitor object at 0x00000227E41509F0>, array([[[  0,   0,   0],\n        [  2,   2,   2],\n        [  5,   5,   5],\n        ...,\n        [247, 247, 247],\n        [249, 249, 249],\n        [252, 252, 252]],\n\n       [[  0,   0,   0],\n        [  2,   2,   2],\n        [  5,   5,   5],\n        ...,\n        [247, 247, 247],\n        [249, 249, 249],\n        [252, 252, 252]],\n\n       [[  0,   0,   0],\n        [  2,   2,   2],\n        [  5,   5,   5],\n        ...,\n        [247, 247, 247],\n        [249, 249, 249],\n        [252, 252, 252]],\n\n       ...,\n\n       [[  0,   0,   0],\n        [  2,   2,   2],\n        [  5,   5,   5],\n        ...,\n        [247, 247, 247],\n        [249, 249, 249],\n        [252, 252, 252]],\n\n       [[  0,   0,   0],\n        [  2,   2,   2],\n        [  5,   5,   5],\n        ...,\n        [247, 247, 247],\n        [249, 249, 249],\n        [252, 252, 252]],\n\n       [[  0,   0,   0],\n        [  2,   2,   2],\n        [  5,   5,   5],\n        ...,\n        [247, 247, 247],\n        [249, 249, 249],\n        [252, 252, 252]]], shape=(100, 100, 3), dtype=uint8), 'nonexistent')", "kwargs": "{}"}
2025-05-31 00:21:04 - cert_automation - ERROR - Monitor operation failed | Module: error_handler | Context: {"operation": "match_template", "execution_time": 0.0026895999908447266, "error": "Template nonexistent not found"}
Traceback (most recent call last):
  File "C:\Users\Cringe Lord\cert_me_boi\src\utils\error_handler.py", line 326, in wrapper
    result = func(*args, **kwargs)
  File "C:\Users\Cringe Lord\cert_me_boi\src\monitor\video_monitor.py", line 271, in match_template
    raise MonitorError(f"Template {template_name} not found")
src.utils.error_handler.MonitorError: Template nonexistent not found
2025-05-31 00:21:04 - cert_automation - ERROR - Function execution failed | Module: timing | Context: {"function": "match_template", "execution_time_ms": 7.849, "error": "Template nonexistent not found"}
Traceback (most recent call last):
  File "C:\Users\Cringe Lord\cert_me_boi\src\utils\logger.py", line 325, in wrapper
    result = func(*args, **kwargs)
  File "C:\Users\Cringe Lord\cert_me_boi\src\utils\error_handler.py", line 326, in wrapper
    result = func(*args, **kwargs)
  File "C:\Users\Cringe Lord\cert_me_boi\src\monitor\video_monitor.py", line 271, in match_template
    raise MonitorError(f"Template {template_name} not found")
src.utils.error_handler.MonitorError: Template nonexistent not found
2025-05-31 00:21:04 - cert_automation - ERROR - Max retry attempts (3) reached | Module: error_handler | Context: {"function": "match_template", "error": "Template nonexistent not found"}
Traceback (most recent call last):
  File "C:\Users\Cringe Lord\cert_me_boi\src\utils\error_handler.py", line 270, in wrapper
    return func(*args, **kwargs)
  File "C:\Users\Cringe Lord\cert_me_boi\src\utils\logger.py", line 325, in wrapper
    result = func(*args, **kwargs)
  File "C:\Users\Cringe Lord\cert_me_boi\src\utils\error_handler.py", line 326, in wrapper
    result = func(*args, **kwargs)
  File "C:\Users\Cringe Lord\cert_me_boi\src\monitor\video_monitor.py", line 271, in match_template
    raise MonitorError(f"Template {template_name} not found")
src.utils.error_handler.MonitorError: Template nonexistent not found
2025-05-31 00:21:04 - cert_automation - INFO - Video monitor initialized | Module: video_monitor | Context: {"config": {"frame_analysis": {"buffer_size": 10, "motion_threshold": 1000, "progress_threshold": 0.9, "blur_threshold": 100}, "progress_bar": {"color_ranges": {"white": {"lower": [0, 0, 200], "upper": [180, 30, 255]}, "gray": {"lower": [0, 0, 100], "upper": [180, 30, 200]}}, "roi": {"top_percent": 0.8, "height_percent": 0.1}, "min_width_percent": 0.3, "min_height_pixels": 5}, "template_matching": {"threshold": 0.8, "scale_range": [0.8, 1.2], "scale_steps": 5}, "screenshots": {"max_per_session": 100, "jpeg_quality": 95, "png_compression": 9}, "logging": {"frame_metrics": true}}}
2025-05-31 00:21:04 - cert_automation - DEBUG - Starting monitor operation | Module: error_handler | Context: {"operation": "match_template", "args": "(<src.monitor.video_monitor.VideoMonitor object at 0x00000227E4151470>, array([[[  0,   0,   0],\n        [  2,   2,   2],\n        [  5,   5,   5],\n        ...,\n        [247, 247, 247],\n        [249, 249, 249],\n        [252, 252, 252]],\n\n       [[  0,   0,   0],\n        [  2,   2,   2],\n        [  5,   5,   5],\n        ...,\n        [247, 247, 247],\n        [249, 249, 249],\n        [252, 252, 252]],\n\n       [[  0,   0,   0],\n        [  2,   2,   2],\n        [  5,   5,   5],\n        ...,\n        [247, 247, 247],\n        [249, 249, 249],\n        [252, 252, 252]],\n\n       ...,\n\n       [[  0,   0,   0],\n        [  2,   2,   2],\n        [  5,   5,   5],\n        ...,\n        [247, 247, 247],\n        [249, 249, 249],\n        [252, 252, 252]],\n\n       [[  0,   0,   0],\n        [  2,   2,   2],\n        [  5,   5,   5],\n        ...,\n        [247, 247, 247],\n        [249, 249, 249],\n        [252, 252, 252]],\n\n       [[  0,   0,   0],\n        [  2,   2,   2],\n        [  5,   5,   5],\n        ...,\n        [247, 247, 247],\n        [249, 249, 249],\n        [252, 252, 252]]], shape=(100, 100, 3), dtype=uint8), 'test_template')", "kwargs": "{}"}
2025-05-31 00:21:04 - cert_automation - INFO - Monitor event: template_matched | Module: monitor | Context: {"event_type": "template_matched", "template": "test_template", "confidence": 1.0, "location": [0, 0]}
2025-05-31 00:21:04 - cert_automation - DEBUG - Monitor operation completed | Module: error_handler | Context: {"operation": "match_template", "execution_time": 0.015076398849487305, "success": true}
2025-05-31 00:21:04 - cert_automation - INFO - Function execution completed | Module: timing | Context: {"function": "match_template", "execution_time_ms": 15.852000000000002}
2025-05-31 00:21:05 - cert_automation - INFO - Video monitor initialized | Module: video_monitor | Context: {"config": {"frame_analysis": {"buffer_size": 10, "motion_threshold": 1000, "progress_threshold": 0.9, "blur_threshold": 100}, "progress_bar": {"color_ranges": {"white": {"lower": [0, 0, 200], "upper": [180, 30, 255]}, "gray": {"lower": [0, 0, 100], "upper": [180, 30, 200]}}, "roi": {"top_percent": 0.8, "height_percent": 0.1}, "min_width_percent": 0.3, "min_height_pixels": 5}, "template_matching": {"threshold": 0.8, "scale_range": [0.8, 1.2], "scale_steps": 5}, "screenshots": {"max_per_session": 100, "jpeg_quality": 95, "png_compression": 9}, "logging": {"frame_metrics": true}}}
2025-05-31 00:21:05 - cert_automation - DEBUG - Starting monitor operation | Module: error_handler | Context: {"operation": "match_template", "args": "(<src.monitor.video_monitor.VideoMonitor object at 0x00000227E412D160>, array([[[  0,   0,   0],\n        [  1,   1,   1],\n        [  4,   4,   4],\n        ...,\n        [248, 248, 248],\n        [250, 250, 250],\n        [252, 252, 252]],\n\n       [[  0,   0,   0],\n        [  1,   1,   1],\n        [  4,   4,   4],\n        ...,\n        [248, 248, 248],\n        [250, 250, 250],\n        [252, 252, 252]],\n\n       [[  0,   0,   0],\n        [  1,   1,   1],\n        [  4,   4,   4],\n        ...,\n        [248, 248, 248],\n        [250, 250, 250],\n        [252, 252, 252]],\n\n       ...,\n\n       [[  0,   0,   0],\n        [  1,   1,   1],\n        [  4,   4,   4],\n        ...,\n        [248, 248, 248],\n        [250, 250, 250],\n        [252, 252, 252]],\n\n       [[  0,   0,   0],\n        [  1,   1,   1],\n        [  4,   4,   4],\n        ...,\n        [248, 248, 248],\n        [250, 250, 250],\n        [252, 252, 252]],\n\n       [[  0,   0,   0],\n        [  1,   1,   1],\n        [  4,   4,   4],\n        ...,\n        [248, 248, 248],\n        [250, 250, 250],\n        [252, 252, 252]]], shape=(120, 120, 3), dtype=uint8), 'test_template')", "kwargs": "{}"}
2025-05-31 00:21:05 - cert_automation - INFO - Monitor event: template_matched | Module: monitor | Context: {"event_type": "template_matched", "template": "test_template", "confidence": 1.0, "location": [12, 0]}
2025-05-31 00:21:05 - cert_automation - DEBUG - Monitor operation completed | Module: error_handler | Context: {"operation": "match_template", "execution_time": 0.015645742416381836, "success": true}
2025-05-31 00:21:05 - cert_automation - INFO - Function execution completed | Module: timing | Context: {"function": "match_template", "execution_time_ms": 18.916999999999998}
